This is XeTeX, Version 3.14159265-2.6-0.999991 (MiKTeX 2.9.6960 64-bit) (preloaded format=xelatex 2019.3.14)  3 SEP 2019 18:02
entering extended mode
**./milon.tex
(milon.tex
LaTeX2e <2018-12-01>

("C:\Users\Zvika\AppData\Local\Programs\MiKTeX 2.9\tex/latex/koma-script\scrboo
k.cls"
Document Class: scrbook 2019/02/01 v3.26b KOMA-Script document class (book)

("C:\Users\Zvika\AppData\Local\Programs\MiKTeX 2.9\tex/latex/koma-script\scrkba
se.sty"
Package: scrkbase 2019/02/01 v3.26b KOMA-Script package (KOMA-Script-dependent 
basics and keyval usage)

("C:\Users\Zvika\AppData\Local\Programs\MiKTeX 2.9\tex/latex/koma-script\scrbas
e.sty"
Package: scrbase 2019/02/01 v3.26b KOMA-Script package (KOMA-Script-independent
 basics and keyval usage)

("C:\Users\Zvika\AppData\Local\Programs\MiKTeX 2.9\tex/latex/graphics\keyval.st
y"
Package: keyval 2014/10/28 v1.15 key=value parser (DPC)
\KV@toks@=\toks14
)
("C:\Users\Zvika\AppData\Local\Programs\MiKTeX 2.9\tex/latex/koma-script\scrlfi
le.sty"
Package: scrlfile 2019/02/01 v3.26b KOMA-Script package (loading files)
)))
("C:\Users\Zvika\AppData\Local\Programs\MiKTeX 2.9\tex/latex/koma-script\tocbas
ic.sty"
Package: tocbasic 2019/02/01 v3.26b KOMA-Script package (handling toc-files)
\scr@dte@tocline@numberwidth=\skip41
\scr@dte@tocline@numbox=\box27
)
Package tocbasic Info: omitting babel extension for `toc'
(tocbasic)             because of feature `nobabel' available
(tocbasic)             for `toc' on input line 136.
Package scrbook Info: You've used standard option `12pt'.
(scrbook)             This is correct!
(scrbook)             Internally I'm using `fontsize=12pt'.
(scrbook)             If you'd like to set the option with \KOMAoptions,
(scrbook)             you'd have to use `fontsize=12pt' there
(scrbook)             instead of `12pt', too.
Class scrbook Info: File `scrsize12pt.clo' used to setup font sizes on input li
ne 2376.

("C:\Users\Zvika\AppData\Local\Programs\MiKTeX 2.9\tex/latex/koma-script\scrsiz
e12pt.clo"
File: scrsize12pt.clo 2019/02/01 v3.26b KOMA-Script font size class option (12p
t)
)
("C:\Users\Zvika\AppData\Local\Programs\MiKTeX 2.9\tex/latex/koma-script\typear
ea.sty"
Package: typearea 2019/02/01 v3.26b KOMA-Script package (type area)
\ta@bcor=\skip42
\ta@div=\count80
\ta@hblk=\skip43
\ta@vblk=\skip44
\ta@temp=\skip45
\footheight=\skip46
Package typearea Info: These are the values describing the layout:
(typearea)             DIV  = 12
(typearea)             BCOR = 0.0pt
(typearea)             \paperwidth      = 597.50793pt
(typearea)              \textwidth      = 448.13095pt
(typearea)              DIV departure   = -6%
(typearea)              \evensidemargin = 27.31467pt
(typearea)              \oddsidemargin  = -22.47766pt
(typearea)             \paperheight     = 845.04694pt
(typearea)              \textheight     = 635.5pt
(typearea)              \topmargin      = -41.72441pt
(typearea)              \headheight     = 18.125pt
(typearea)              \headsep        = 21.75pt
(typearea)              \topskip        = 12.0pt
(typearea)              \footskip       = 50.75pt
(typearea)              \baselineskip   = 14.5pt
(typearea)              on input line 1715.
)
\c@part=\count81
\c@chapter=\count82
\c@section=\count83
\c@subsection=\count84
\c@subsubsection=\count85
\c@paragraph=\count86
\c@subparagraph=\count87
\scr@dte@chapter@maxnumwidth=\skip47
Class scrbook Info: using compatibility default `afterindent=bysign'
(scrbook)           for `\chapter on input line 5303.
\scr@dte@section@maxnumwidth=\skip48
Class scrbook Info: using compatibility default `runin=bysign'
(scrbook)           for `\section on input line 5313.
Class scrbook Info: using compatibility default `afterindent=bysign'
(scrbook)           for `\section on input line 5313.
\scr@dte@part@maxnumwidth=\skip49
Class scrbook Info: using compatibility default `afterindent=true'
(scrbook)           for `\part on input line 5322.
\scr@dte@subsection@maxnumwidth=\skip50
Class scrbook Info: using compatibility default `runin=bysign'
(scrbook)           for `\subsection on input line 5332.
Class scrbook Info: using compatibility default `afterindent=bysign'
(scrbook)           for `\subsection on input line 5332.
\scr@dte@subsubsection@maxnumwidth=\skip51
Class scrbook Info: using compatibility default `runin=bysign'
(scrbook)           for `\subsubsection on input line 5342.
Class scrbook Info: using compatibility default `afterindent=bysign'
(scrbook)           for `\subsubsection on input line 5342.
\scr@dte@paragraph@maxnumwidth=\skip52
Class scrbook Info: using compatibility default `runin=bysign'
(scrbook)           for `\paragraph on input line 5352.
Class scrbook Info: using compatibility default `afterindent=bysign'
(scrbook)           for `\paragraph on input line 5352.
\scr@dte@subparagraph@maxnumwidth=\skip53
Class scrbook Info: using compatibility default `runin=bysign'
(scrbook)           for `\subparagraph on input line 5362.
Class scrbook Info: using compatibility default `afterindent=bysign'
(scrbook)           for `\subparagraph on input line 5362.
\abovecaptionskip=\skip54
\belowcaptionskip=\skip55
\c@pti@nb@sid@b@x=\box28
Package tocbasic Info: omitting babel extension for `lof'
(tocbasic)             because of feature `nobabel' available
(tocbasic)             for `lof' on input line 6617.
\scr@dte@figure@maxnumwidth=\skip56
\c@figure=\count88
Package tocbasic Info: omitting babel extension for `lot'
(tocbasic)             because of feature `nobabel' available
(tocbasic)             for `lot' on input line 6638.
\scr@dte@table@maxnumwidth=\skip57
\c@table=\count89
Class scrbook Info: Redefining `\numberline' on input line 6811.
\bibindent=\dimen102
)
("C:\Users\Zvika\AppData\Local\Programs\MiKTeX 2.9\tex/latex/nag\nag.sty"
Package: nag 2011/11/25 0.7 warning about old commands (ulmi)
\c@nag@c=\count90
\c@nag@sins=\count91
)
("C:\Users\Zvika\AppData\Local\Programs\MiKTeX 2.9\tex/latex/geometry\geometry.
sty"
Package: geometry 2018/04/16 v5.8 Page Geometry

("C:\Users\Zvika\AppData\Local\Programs\MiKTeX 2.9\tex/generic/oberdiek\ifpdf.s
ty"
Package: ifpdf 2018/09/07 v3.3 Provides the ifpdf switch
)
("C:\Users\Zvika\AppData\Local\Programs\MiKTeX 2.9\tex/generic/oberdiek\ifvtex.
sty"
Package: ifvtex 2016/05/16 v1.6 Detect VTeX and its facilities (HO)
Package ifvtex Info: VTeX not detected.
)
("C:\Users\Zvika\AppData\Local\Programs\MiKTeX 2.9\tex/generic/ifxetex\ifxetex.
sty"
Package: ifxetex 2010/09/12 v0.6 Provides ifxetex conditional
)
\Gm@cnth=\count92
\Gm@cntv=\count93
\c@Gm@tempcnt=\count94
\Gm@bindingoffset=\dimen103
\Gm@wd@mp=\dimen104
\Gm@odd@mp=\dimen105
\Gm@even@mp=\dimen106
\Gm@layoutwidth=\dimen107
\Gm@layoutheight=\dimen108
\Gm@layouthoffset=\dimen109
\Gm@layoutvoffset=\dimen110
\Gm@dimlist=\toks15

("C:\Users\Zvika\AppData\Local\Programs\MiKTeX 2.9\tex/xelatex/xetexconfig\geom
etry.cfg")

Package geometry Warning: Over-specification in `h'-direction.
    `width' (448.13095pt) is ignored.


Package geometry Warning: Over-specification in `v'-direction.
    `height' (635.5pt) is ignored.

) (polythumbs.sty
Package: polythumbs 2016/03/27 Thumbs Index, compatible with RTL language and p
olyglossia

("C:\Users\Zvika\AppData\Local\Programs\MiKTeX 2.9\tex/latex/fancytabs\fancytab
s.sty"
Package: fancytabs 2016/03/29 1.9 Fancy page border tabs with Tikz
Package: fancytabs 

("C:\Users\Zvika\AppData\Local\Programs\MiKTeX 2.9\tex/latex/pgf/frontendlayer\
tikz.sty"
("C:\Users\Zvika\AppData\Local\Programs\MiKTeX 2.9\tex/latex/pgf/basiclayer\pgf
.sty"
("C:\Users\Zvika\AppData\Local\Programs\MiKTeX 2.9\tex/latex/pgf/utilities\pgfr
cs.sty"
("C:\Users\Zvika\AppData\Local\Programs\MiKTeX 2.9\tex/generic/pgf/utilities\pg
futil-common.tex"
\pgfutil@everybye=\toks16
\pgfutil@tempdima=\dimen111
\pgfutil@tempdimb=\dimen112

("C:\Users\Zvika\AppData\Local\Programs\MiKTeX 2.9\tex/generic/pgf/utilities\pg
futil-common-lists.tex"))
("C:\Users\Zvika\AppData\Local\Programs\MiKTeX 2.9\tex/generic/pgf/utilities\pg
futil-latex.def"
\pgfutil@abb=\box29

("C:\Users\Zvika\AppData\Local\Programs\MiKTeX 2.9\tex/latex/ms\everyshi.sty"
Package: everyshi 2001/05/15 v3.00 EveryShipout Package (MS)
))
("C:\Users\Zvika\AppData\Local\Programs\MiKTeX 2.9\tex/generic/pgf/utilities\pg
frcs.code.tex"
("C:\Users\Zvika\AppData\Local\Programs\MiKTeX 2.9\tex/generic/pgf\pgf.revision
.tex")
Package: pgfrcs 2019/02/02 v3.1.1 (3.1.1)
))
Package: pgf 2019/02/02 v3.1.1 (3.1.1)

("C:\Users\Zvika\AppData\Local\Programs\MiKTeX 2.9\tex/latex/pgf/basiclayer\pgf
core.sty"
("C:\Users\Zvika\AppData\Local\Programs\MiKTeX 2.9\tex/latex/graphics\graphicx.
sty"
Package: graphicx 2017/06/01 v1.1a Enhanced LaTeX Graphics (DPC,SPQR)

("C:\Users\Zvika\AppData\Local\Programs\MiKTeX 2.9\tex/latex/graphics\graphics.
sty"
Package: graphics 2017/06/25 v1.2c Standard LaTeX Graphics (DPC,SPQR)

("C:\Users\Zvika\AppData\Local\Programs\MiKTeX 2.9\tex/latex/graphics\trig.sty"
Package: trig 2016/01/03 v1.10 sin cos tan (DPC)
)
("C:\Users\Zvika\AppData\Local\Programs\MiKTeX 2.9\tex/latex/graphics-cfg\graph
ics.cfg"
File: graphics.cfg 2016/06/04 v1.11 sample graphics configuration
)
Package graphics Info: Driver file: xetex.def on input line 99.

("C:\Users\Zvika\AppData\Local\Programs\MiKTeX 2.9\tex/latex/graphics-def\xetex
.def"
File: xetex.def 2017/06/24 v5.0h Graphics/color driver for xetex
))
\Gin@req@height=\dimen113
\Gin@req@width=\dimen114
)
("C:\Users\Zvika\AppData\Local\Programs\MiKTeX 2.9\tex/latex/pgf/systemlayer\pg
fsys.sty"
("C:\Users\Zvika\AppData\Local\Programs\MiKTeX 2.9\tex/generic/pgf/systemlayer\
pgfsys.code.tex"
Package: pgfsys 2019/02/02 v3.1.1 (3.1.1)

("C:\Users\Zvika\AppData\Local\Programs\MiKTeX 2.9\tex/generic/pgf/utilities\pg
fkeys.code.tex"
\pgfkeys@pathtoks=\toks17
\pgfkeys@temptoks=\toks18

("C:\Users\Zvika\AppData\Local\Programs\MiKTeX 2.9\tex/generic/pgf/utilities\pg
fkeysfiltered.code.tex"
\pgfkeys@tmptoks=\toks19
))
\pgf@x=\dimen115
\pgf@y=\dimen116
\pgf@xa=\dimen117
\pgf@ya=\dimen118
\pgf@xb=\dimen119
\pgf@yb=\dimen120
\pgf@xc=\dimen121
\pgf@yc=\dimen122
\w@pgf@writea=\write3
\r@pgf@reada=\read1
\c@pgf@counta=\count95
\c@pgf@countb=\count96
\c@pgf@countc=\count97
\c@pgf@countd=\count98
\t@pgf@toka=\toks20
\t@pgf@tokb=\toks21
\t@pgf@tokc=\toks22
\pgf@sys@id@count=\count99

("C:\Users\Zvika\AppData\Local\Programs\MiKTeX 2.9\tex/generic/pgf/systemlayer\
pgf.cfg"
File: pgf.cfg 2019/02/02 v3.1.1 (3.1.1)
)
Driver file for pgf: pgfsys-xetex.def

("C:\Users\Zvika\AppData\Local\Programs\MiKTeX 2.9\tex/generic/pgf/systemlayer\
pgfsys-xetex.def"
File: pgfsys-xetex.def 2019/02/02 v3.1.1 (3.1.1)

("C:\Users\Zvika\AppData\Local\Programs\MiKTeX 2.9\tex/generic/pgf/systemlayer\
pgfsys-dvipdfmx.def"
File: pgfsys-dvipdfmx.def 2019/02/02 v3.1.1 (3.1.1)

("C:\Users\Zvika\AppData\Local\Programs\MiKTeX 2.9\tex/generic/pgf/systemlayer\
pgfsys-common-pdf.def"
File: pgfsys-common-pdf.def 2019/02/02 v3.1.1 (3.1.1)
)
\pgfsys@objnum=\count100
)))
("C:\Users\Zvika\AppData\Local\Programs\MiKTeX 2.9\tex/generic/pgf/systemlayer\
pgfsyssoftpath.code.tex"
File: pgfsyssoftpath.code.tex 2019/02/02 v3.1.1 (3.1.1)
\pgfsyssoftpath@smallbuffer@items=\count101
\pgfsyssoftpath@bigbuffer@items=\count102
)
("C:\Users\Zvika\AppData\Local\Programs\MiKTeX 2.9\tex/generic/pgf/systemlayer\
pgfsysprotocol.code.tex"
File: pgfsysprotocol.code.tex 2019/02/02 v3.1.1 (3.1.1)
))
("C:\Users\Zvika\AppData\Local\Programs\MiKTeX 2.9\tex/latex/xcolor\xcolor.sty"
Package: xcolor 2016/05/11 v2.12 LaTeX color extensions (UK)

("C:\Users\Zvika\AppData\Local\Programs\MiKTeX 2.9\tex/latex/graphics-cfg\color
.cfg"
File: color.cfg 2016/01/02 v1.6 sample color configuration
)
Package xcolor Info: Driver file: xetex.def on input line 225.
Package xcolor Info: Model `cmy' substituted by `cmy0' on input line 1348.
Package xcolor Info: Model `RGB' extended on input line 1364.
Package xcolor Info: Model `HTML' substituted by `rgb' on input line 1366.
Package xcolor Info: Model `Hsb' substituted by `hsb' on input line 1367.
Package xcolor Info: Model `tHsb' substituted by `hsb' on input line 1368.
Package xcolor Info: Model `HSB' substituted by `hsb' on input line 1369.
Package xcolor Info: Model `Gray' substituted by `gray' on input line 1370.
Package xcolor Info: Model `wave' substituted by `hsb' on input line 1371.
)
("C:\Users\Zvika\AppData\Local\Programs\MiKTeX 2.9\tex/generic/pgf/basiclayer\p
gfcore.code.tex"
Package: pgfcore 2019/02/02 v3.1.1 (3.1.1)

("C:\Users\Zvika\AppData\Local\Programs\MiKTeX 2.9\tex/generic/pgf/math\pgfmath
.code.tex"
("C:\Users\Zvika\AppData\Local\Programs\MiKTeX 2.9\tex/generic/pgf/math\pgfmath
calc.code.tex"
("C:\Users\Zvika\AppData\Local\Programs\MiKTeX 2.9\tex/generic/pgf/math\pgfmath
util.code.tex")
("C:\Users\Zvika\AppData\Local\Programs\MiKTeX 2.9\tex/generic/pgf/math\pgfmath
parser.code.tex"
\pgfmath@dimen=\dimen123
\pgfmath@count=\count103
\pgfmath@box=\box30
\pgfmath@toks=\toks23
\pgfmath@stack@operand=\toks24
\pgfmath@stack@operation=\toks25
)
("C:\Users\Zvika\AppData\Local\Programs\MiKTeX 2.9\tex/generic/pgf/math\pgfmath
functions.code.tex"
("C:\Users\Zvika\AppData\Local\Programs\MiKTeX 2.9\tex/generic/pgf/math\pgfmath
functions.basic.code.tex")
("C:\Users\Zvika\AppData\Local\Programs\MiKTeX 2.9\tex/generic/pgf/math\pgfmath
functions.trigonometric.code.tex")
("C:\Users\Zvika\AppData\Local\Programs\MiKTeX 2.9\tex/generic/pgf/math\pgfmath
functions.random.code.tex")
("C:\Users\Zvika\AppData\Local\Programs\MiKTeX 2.9\tex/generic/pgf/math\pgfmath
functions.comparison.code.tex")
("C:\Users\Zvika\AppData\Local\Programs\MiKTeX 2.9\tex/generic/pgf/math\pgfmath
functions.base.code.tex")
("C:\Users\Zvika\AppData\Local\Programs\MiKTeX 2.9\tex/generic/pgf/math\pgfmath
functions.round.code.tex")
("C:\Users\Zvika\AppData\Local\Programs\MiKTeX 2.9\tex/generic/pgf/math\pgfmath
functions.misc.code.tex")
("C:\Users\Zvika\AppData\Local\Programs\MiKTeX 2.9\tex/generic/pgf/math\pgfmath
functions.integerarithmetics.code.tex")))
("C:\Users\Zvika\AppData\Local\Programs\MiKTeX 2.9\tex/generic/pgf/math\pgfmath
float.code.tex"
\c@pgfmathroundto@lastzeros=\count104
))
("C:\Users\Zvika\AppData\Local\Programs\MiKTeX 2.9\tex/generic/pgf/basiclayer\p
gfcorepoints.code.tex"
File: pgfcorepoints.code.tex 2019/02/02 v3.1.1 (3.1.1)
\pgf@picminx=\dimen124
\pgf@picmaxx=\dimen125
\pgf@picminy=\dimen126
\pgf@picmaxy=\dimen127
\pgf@pathminx=\dimen128
\pgf@pathmaxx=\dimen129
\pgf@pathminy=\dimen130
\pgf@pathmaxy=\dimen131
\pgf@xx=\dimen132
\pgf@xy=\dimen133
\pgf@yx=\dimen134
\pgf@yy=\dimen135
\pgf@zx=\dimen136
\pgf@zy=\dimen137
)
("C:\Users\Zvika\AppData\Local\Programs\MiKTeX 2.9\tex/generic/pgf/basiclayer\p
gfcorepathconstruct.code.tex"
File: pgfcorepathconstruct.code.tex 2019/02/02 v3.1.1 (3.1.1)
\pgf@path@lastx=\dimen138
\pgf@path@lasty=\dimen139
)
("C:\Users\Zvika\AppData\Local\Programs\MiKTeX 2.9\tex/generic/pgf/basiclayer\p
gfcorepathusage.code.tex"
File: pgfcorepathusage.code.tex 2019/02/02 v3.1.1 (3.1.1)
\pgf@shorten@end@additional=\dimen140
\pgf@shorten@start@additional=\dimen141
)
("C:\Users\Zvika\AppData\Local\Programs\MiKTeX 2.9\tex/generic/pgf/basiclayer\p
gfcorescopes.code.tex"
File: pgfcorescopes.code.tex 2019/02/02 v3.1.1 (3.1.1)
\pgfpic=\box31
\pgf@hbox=\box32
\pgf@layerbox@main=\box33
\pgf@picture@serial@count=\count105
)
("C:\Users\Zvika\AppData\Local\Programs\MiKTeX 2.9\tex/generic/pgf/basiclayer\p
gfcoregraphicstate.code.tex"
File: pgfcoregraphicstate.code.tex 2019/02/02 v3.1.1 (3.1.1)
\pgflinewidth=\dimen142
)
("C:\Users\Zvika\AppData\Local\Programs\MiKTeX 2.9\tex/generic/pgf/basiclayer\p
gfcoretransformations.code.tex"
File: pgfcoretransformations.code.tex 2019/02/02 v3.1.1 (3.1.1)
\pgf@pt@x=\dimen143
\pgf@pt@y=\dimen144
\pgf@pt@temp=\dimen145
)
("C:\Users\Zvika\AppData\Local\Programs\MiKTeX 2.9\tex/generic/pgf/basiclayer\p
gfcorequick.code.tex"
File: pgfcorequick.code.tex 2019/02/02 v3.1.1 (3.1.1)
)
("C:\Users\Zvika\AppData\Local\Programs\MiKTeX 2.9\tex/generic/pgf/basiclayer\p
gfcoreobjects.code.tex"
File: pgfcoreobjects.code.tex 2019/02/02 v3.1.1 (3.1.1)
)
("C:\Users\Zvika\AppData\Local\Programs\MiKTeX 2.9\tex/generic/pgf/basiclayer\p
gfcorepathprocessing.code.tex"
File: pgfcorepathprocessing.code.tex 2019/02/02 v3.1.1 (3.1.1)
)
("C:\Users\Zvika\AppData\Local\Programs\MiKTeX 2.9\tex/generic/pgf/basiclayer\p
gfcorearrows.code.tex"
File: pgfcorearrows.code.tex 2019/02/02 v3.1.1 (3.1.1)
\pgfarrowsep=\dimen146
)
("C:\Users\Zvika\AppData\Local\Programs\MiKTeX 2.9\tex/generic/pgf/basiclayer\p
gfcoreshade.code.tex"
File: pgfcoreshade.code.tex 2019/02/02 v3.1.1 (3.1.1)
\pgf@max=\dimen147
\pgf@sys@shading@range@num=\count106
)
("C:\Users\Zvika\AppData\Local\Programs\MiKTeX 2.9\tex/generic/pgf/basiclayer\p
gfcoreimage.code.tex"
File: pgfcoreimage.code.tex 2019/02/02 v3.1.1 (3.1.1)

("C:\Users\Zvika\AppData\Local\Programs\MiKTeX 2.9\tex/generic/pgf/basiclayer\p
gfcoreexternal.code.tex"
File: pgfcoreexternal.code.tex 2019/02/02 v3.1.1 (3.1.1)
\pgfexternal@startupbox=\box34
))
("C:\Users\Zvika\AppData\Local\Programs\MiKTeX 2.9\tex/generic/pgf/basiclayer\p
gfcorelayers.code.tex"
File: pgfcorelayers.code.tex 2019/02/02 v3.1.1 (3.1.1)
)
("C:\Users\Zvika\AppData\Local\Programs\MiKTeX 2.9\tex/generic/pgf/basiclayer\p
gfcoretransparency.code.tex"
File: pgfcoretransparency.code.tex 2019/02/02 v3.1.1 (3.1.1)
)
("C:\Users\Zvika\AppData\Local\Programs\MiKTeX 2.9\tex/generic/pgf/basiclayer\p
gfcorepatterns.code.tex"
File: pgfcorepatterns.code.tex 2019/02/02 v3.1.1 (3.1.1)
)
("C:\Users\Zvika\AppData\Local\Programs\MiKTeX 2.9\tex/generic/pgf/basiclayer\p
gfcorerdf.code.tex"
File: pgfcorerdf.code.tex 2019/02/02 v3.1.1 (3.1.1)
)))
("C:\Users\Zvika\AppData\Local\Programs\MiKTeX 2.9\tex/generic/pgf/modules\pgfm
oduleshapes.code.tex"
File: pgfmoduleshapes.code.tex 2019/02/02 v3.1.1 (3.1.1)
\pgfnodeparttextbox=\box35
)
("C:\Users\Zvika\AppData\Local\Programs\MiKTeX 2.9\tex/generic/pgf/modules\pgfm
oduleplot.code.tex"
File: pgfmoduleplot.code.tex 2019/02/02 v3.1.1 (3.1.1)
)
("C:\Users\Zvika\AppData\Local\Programs\MiKTeX 2.9\tex/latex/pgf/compatibility\
pgfcomp-version-0-65.sty"
Package: pgfcomp-version-0-65 2019/02/02 v3.1.1 (3.1.1)
\pgf@nodesepstart=\dimen148
\pgf@nodesepend=\dimen149
)
("C:\Users\Zvika\AppData\Local\Programs\MiKTeX 2.9\tex/latex/pgf/compatibility\
pgfcomp-version-1-18.sty"
Package: pgfcomp-version-1-18 2019/02/02 v3.1.1 (3.1.1)
))
("C:\Users\Zvika\AppData\Local\Programs\MiKTeX 2.9\tex/latex/pgf/utilities\pgff
or.sty"
("C:\Users\Zvika\AppData\Local\Programs\MiKTeX 2.9\tex/latex/pgf/utilities\pgfk
eys.sty"
("C:\Users\Zvika\AppData\Local\Programs\MiKTeX 2.9\tex/generic/pgf/utilities\pg
fkeys.code.tex"))
("C:\Users\Zvika\AppData\Local\Programs\MiKTeX 2.9\tex/latex/pgf/math\pgfmath.s
ty"
("C:\Users\Zvika\AppData\Local\Programs\MiKTeX 2.9\tex/generic/pgf/math\pgfmath
.code.tex"))
("C:\Users\Zvika\AppData\Local\Programs\MiKTeX 2.9\tex/generic/pgf/utilities\pg
ffor.code.tex"
Package: pgffor 2019/02/02 v3.1.1 (3.1.1)

("C:\Users\Zvika\AppData\Local\Programs\MiKTeX 2.9\tex/generic/pgf/math\pgfmath
.code.tex")
\pgffor@iter=\dimen150
\pgffor@skip=\dimen151
\pgffor@stack=\toks26
\pgffor@toks=\toks27
))
("C:\Users\Zvika\AppData\Local\Programs\MiKTeX 2.9\tex/generic/pgf/frontendlaye
r/tikz\tikz.code.tex"
Package: tikz 2019/02/02 v3.1.1 (3.1.1)

("C:\Users\Zvika\AppData\Local\Programs\MiKTeX 2.9\tex/generic/pgf/libraries\pg
flibraryplothandlers.code.tex"
File: pgflibraryplothandlers.code.tex 2019/02/02 v3.1.1 (3.1.1)
\pgf@plot@mark@count=\count107
\pgfplotmarksize=\dimen152
)
\tikz@lastx=\dimen153
\tikz@lasty=\dimen154
\tikz@lastxsaved=\dimen155
\tikz@lastysaved=\dimen156
\tikzleveldistance=\dimen157
\tikzsiblingdistance=\dimen158
\tikz@figbox=\box36
\tikz@figbox@bg=\box37
\tikz@tempbox=\box38
\tikz@tempbox@bg=\box39
\tikztreelevel=\count108
\tikznumberofchildren=\count109
\tikznumberofcurrentchild=\count110
\tikz@fig@count=\count111

("C:\Users\Zvika\AppData\Local\Programs\MiKTeX 2.9\tex/generic/pgf/modules\pgfm
odulematrix.code.tex"
File: pgfmodulematrix.code.tex 2019/02/02 v3.1.1 (3.1.1)
\pgfmatrixcurrentrow=\count112
\pgfmatrixcurrentcolumn=\count113
\pgf@matrix@numberofcolumns=\count114
)
\tikz@expandcount=\count115

("C:\Users\Zvika\AppData\Local\Programs\MiKTeX 2.9\tex/generic/pgf/frontendlaye
r/tikz/libraries\tikzlibrarytopaths.code.tex"
File: tikzlibrarytopaths.code.tex 2019/02/02 v3.1.1 (3.1.1)
)))
("C:\Users\Zvika\AppData\Local\Programs\MiKTeX 2.9\tex/latex/etoolbox\etoolbox.
sty"
Package: etoolbox 2018/08/19 v2.5f e-TeX tools for LaTeX (JAW)
\etb@tempcnta=\count116
)
\tab@height=\skip58
\tab@width=\skip59
\tab@top=\skip60
\tab@gap=\skip61
)
\c@PolythumbCounter=\count117
)

Class scrbook Warning: Usage of package `fancyhdr' together
(scrbook)              with a KOMA-Script class is not recommended.
(scrbook)              I'd suggest to use 
(scrbook)              package `scrlayer' or `scrlayer-scrpage', because
(scrbook)              they support KOMA-Script classes.
(scrbook)              With `fancyhdr' several features of class `scrbook'
(scrbook)              like options `headsepline', `footsepline' or command
(scrbook)              `\MakeMarkcase' and the commands `\setkomafont' and
(scrbook)              `\addtokomafont' for the page style elements need
(scrbook)              explicite user intervention to work.
(scrbook)              Nevertheless, using requested
(scrbook)              package `fancyhdr' on input line 24.


("C:\Users\Zvika\AppData\Local\Programs\MiKTeX 2.9\tex/latex/fancyhdr\fancyhdr.
sty"
Package: fancyhdr 2019/01/31 v3.10 Extensive control of page headers and footer
s
\f@nch@headwidth=\skip62
\f@nch@O@elh=\skip63
\f@nch@O@erh=\skip64
\f@nch@O@olh=\skip65
\f@nch@O@orh=\skip66
\f@nch@O@elf=\skip67
\f@nch@O@erf=\skip68
\f@nch@O@olf=\skip69
\f@nch@O@orf=\skip70
)
("C:\Users\Zvika\AppData\Local\Programs\MiKTeX 2.9\tex/latex/tools\multicol.sty
"
Package: multicol 2018/12/27 v1.8v multicolumn formatting (FMi)
\c@tracingmulticols=\count118
\mult@box=\box40
\multicol@leftmargin=\dimen159
\c@unbalance=\count119
\c@collectmore=\count120
\doublecol@number=\count121
\multicoltolerance=\count122
\multicolpretolerance=\count123
\full@width=\dimen160
\page@free=\dimen161
\premulticols=\dimen162
\postmulticols=\dimen163
\multicolsep=\skip71
\multicolbaselineskip=\skip72
\partial@page=\box41
\last@line=\box42
\maxbalancingoverflow=\dimen164
\mult@rightbox=\box43
\mult@grightbox=\box44
\mult@gfirstbox=\box45
\mult@firstbox=\box46
\@tempa=\box47
\@tempa=\box48
\@tempa=\box49
\@tempa=\box50
\@tempa=\box51
\@tempa=\box52
\@tempa=\box53
\@tempa=\box54
\@tempa=\box55
\@tempa=\box56
\@tempa=\box57
\@tempa=\box58
\@tempa=\box59
\@tempa=\box60
\@tempa=\box61
\@tempa=\box62
\@tempa=\box63
\c@columnbadness=\count124
\c@finalcolumnbadness=\count125
\last@try=\dimen165
\multicolovershoot=\dimen166
\multicolundershoot=\dimen167
\mult@nat@firstbox=\box64
\colbreak@box=\box65
\mc@col@check@num=\count126
)
("C:\Users\Zvika\AppData\Local\Programs\MiKTeX 2.9\tex/latex/polyglossia\polygl
ossia.sty"
Package: polyglossia 2018/04/07 v1.43 Alternative to Babel for XeLaTeX and LuaL
aTeX

("C:\Users\Zvika\AppData\Local\Programs\MiKTeX 2.9\tex/latex/makecmds\makecmds.
sty"
Package: makecmds 2009/09/03 v1.0a extra command making commands
)
("C:\Users\Zvika\AppData\Local\Programs\MiKTeX 2.9\tex/latex/xkeyval\xkeyval.st
y"
Package: xkeyval 2014/12/03 v2.7a package option processing (HA)

("C:\Users\Zvika\AppData\Local\Programs\MiKTeX 2.9\tex/generic/xkeyval\xkeyval.
tex"
("C:\Users\Zvika\AppData\Local\Programs\MiKTeX 2.9\tex/generic/xkeyval\xkvutils
.tex"
\XKV@toks=\toks28
\XKV@tempa@toks=\toks29
)
\XKV@depth=\count127
File: xkeyval.tex 2014/12/03 v2.7a key=value parser (HA)
))
("C:\Users\Zvika\AppData\Local\Programs\MiKTeX 2.9\tex/latex/fontspec\fontspec.
sty"
("C:\Users\Zvika\AppData\Local\Programs\MiKTeX 2.9\tex/latex/l3packages/xparse\
xparse.sty"
("C:\Users\Zvika\AppData\Local\Programs\MiKTeX 2.9\tex/latex/l3kernel\expl3.sty
"
Package: expl3 2019-03-05 L3 programming layer (loader) 

("C:\Users\Zvika\AppData\Local\Programs\MiKTeX 2.9\tex/latex/l3kernel\expl3-cod
e.tex"
Package: expl3 2019-03-05 L3 programming layer (code)
\c_max_int=\count128
\l_tmpa_int=\count129
\l_tmpb_int=\count130
\g_tmpa_int=\count131
\g_tmpb_int=\count132
\g__kernel_prg_map_int=\count133
\c_log_iow=\count134
\l_iow_line_count_int=\count135
\l__iow_line_target_int=\count136
\l__iow_one_indent_int=\count137
\l__iow_indent_int=\count138
\c_zero_dim=\dimen168
\c_max_dim=\dimen169
\l_tmpa_dim=\dimen170
\l_tmpb_dim=\dimen171
\g_tmpa_dim=\dimen172
\g_tmpb_dim=\dimen173
\c_zero_skip=\skip73
\c_max_skip=\skip74
\l_tmpa_skip=\skip75
\l_tmpb_skip=\skip76
\g_tmpa_skip=\skip77
\g_tmpb_skip=\skip78
\c_zero_muskip=\muskip10
\c_max_muskip=\muskip11
\l_tmpa_muskip=\muskip12
\l_tmpb_muskip=\muskip13
\g_tmpa_muskip=\muskip14
\g_tmpb_muskip=\muskip15
\l_keys_choice_int=\count139
\l__intarray_loop_int=\count140
\c__intarray_sp_dim=\dimen174
\g__intarray_font_int=\count141
\c__fp_leading_shift_int=\count142
\c__fp_middle_shift_int=\count143
\c__fp_trailing_shift_int=\count144
\c__fp_big_leading_shift_int=\count145
\c__fp_big_middle_shift_int=\count146
\c__fp_big_trailing_shift_int=\count147
\c__fp_Bigg_leading_shift_int=\count148
\c__fp_Bigg_middle_shift_int=\count149
\c__fp_Bigg_trailing_shift_int=\count150
\g__fp_array_int=\count151
\l__fp_array_loop_int=\count152
\l__sort_length_int=\count153
\l__sort_min_int=\count154
\l__sort_top_int=\count155
\l__sort_max_int=\count156
\l__sort_true_max_int=\count157
\l__sort_block_int=\count158
\l__sort_begin_int=\count159
\l__sort_end_int=\count160
\l__sort_A_int=\count161
\l__sort_B_int=\count162
\l__sort_C_int=\count163
\l__tl_analysis_normal_int=\count164
\l__tl_analysis_index_int=\count165
\l__tl_analysis_nesting_int=\count166
\l__tl_analysis_type_int=\count167
\l__regex_internal_a_int=\count168
\l__regex_internal_b_int=\count169
\l__regex_internal_c_int=\count170
\l__regex_balance_int=\count171
\l__regex_group_level_int=\count172
\l__regex_mode_int=\count173
\c__regex_cs_in_class_mode_int=\count174
\c__regex_cs_mode_int=\count175
\l__regex_catcodes_int=\count176
\l__regex_default_catcodes_int=\count177
\c__regex_catcode_L_int=\count178
\c__regex_catcode_O_int=\count179
\c__regex_catcode_A_int=\count180
\c__regex_all_catcodes_int=\count181
\l__regex_show_lines_int=\count182
\l__regex_min_state_int=\count183
\l__regex_max_state_int=\count184
\l__regex_left_state_int=\count185
\l__regex_right_state_int=\count186
\l__regex_capturing_group_int=\count187
\l__regex_min_pos_int=\count188
\l__regex_max_pos_int=\count189
\l__regex_curr_pos_int=\count190
\l__regex_start_pos_int=\count191
\l__regex_success_pos_int=\count192
\l__regex_curr_char_int=\count193
\l__regex_curr_catcode_int=\count194
\l__regex_last_char_int=\count195
\l__regex_case_changed_char_int=\count196
\l__regex_curr_state_int=\count197
\l__regex_step_int=\count198
\l__regex_min_active_int=\count199
\l__regex_max_active_int=\count266
\l__regex_replacement_csnames_int=\count267
\l__regex_match_count_int=\count268
\l__regex_min_submatch_int=\count269
\l__regex_submatch_int=\count270
\l__regex_zeroth_submatch_int=\count271
\g__regex_trace_regex_int=\count272
\c_empty_box=\box66
\l_tmpa_box=\box67
\l_tmpb_box=\box68
\g_tmpa_box=\box69
\g_tmpb_box=\box70
\l__box_top_dim=\dimen175
\l__box_bottom_dim=\dimen176
\l__box_left_dim=\dimen177
\l__box_right_dim=\dimen178
\l__box_top_new_dim=\dimen179
\l__box_bottom_new_dim=\dimen180
\l__box_left_new_dim=\dimen181
\l__box_right_new_dim=\dimen182
\l__box_internal_box=\box71
\l__coffin_internal_box=\box72
\l__coffin_internal_dim=\dimen183
\l__coffin_offset_x_dim=\dimen184
\l__coffin_offset_y_dim=\dimen185
\l__coffin_x_dim=\dimen186
\l__coffin_y_dim=\dimen187
\l__coffin_x_prime_dim=\dimen188
\l__coffin_y_prime_dim=\dimen189
\c_empty_coffin=\box73
\l__coffin_aligned_coffin=\box74
\l__coffin_aligned_internal_coffin=\box75
\l_tmpa_coffin=\box76
\l_tmpb_coffin=\box77
\g_tmpa_coffin=\box78
\g_tmpb_coffin=\box79
\l__coffin_bounding_shift_dim=\dimen190
\l__coffin_left_corner_dim=\dimen191
\l__coffin_right_corner_dim=\dimen192
\l__coffin_bottom_corner_dim=\dimen193
\l__coffin_top_corner_dim=\dimen194
\l__coffin_scaled_total_height_dim=\dimen195
\l__coffin_scaled_width_dim=\dimen196
\c__coffin_empty_coffin=\box80
\l__coffin_display_coffin=\box81
\l__coffin_display_coord_coffin=\box82
\l__coffin_display_pole_coffin=\box83
\l__coffin_display_offset_dim=\dimen197
\l__coffin_display_x_dim=\dimen198
\l__coffin_display_y_dim=\dimen199
\g__file_internal_ior=\read2
\l__seq_internal_a_int=\count273
\l__seq_internal_b_int=\count274
\c__deprecation_minus_one=\count275
)
("C:\Users\Zvika\AppData\Local\Programs\MiKTeX 2.9\tex/latex/l3kernel\l3xdvipdf
mx.def"
File: l3xdvipdfmx.def 2019-03-05 v L3 Experimental driver: xdvipdfmx
\g__driver_image_int=\count276
\g__driver_pdf_object_int=\count277
))
Package: xparse 2019-03-05 L3 Experimental document command parser
\l__xparse_current_arg_int=\count278
\g__xparse_grabber_int=\count279
\l__xparse_m_args_int=\count280
\l__xparse_v_nesting_int=\count281
)
Package: fontspec 2019/02/12 v2.7b Font selection for XeLaTeX and LuaLaTeX

("C:\Users\Zvika\AppData\Local\Programs\MiKTeX 2.9\tex/latex/fontspec\fontspec-
xetex.sty"
Package: fontspec-xetex 2019/02/12 v2.7b Font selection for XeLaTeX and LuaLaTe
X
\l__fontspec_script_int=\count282
\l__fontspec_language_int=\count283
\l__fontspec_strnum_int=\count284
\l__fontspec_tmp_int=\count285
\l__fontspec_tmpa_int=\count286
\l__fontspec_tmpb_int=\count287
\l__fontspec_tmpc_int=\count288
\l__fontspec_em_int=\count289
\l__fontspec_emdef_int=\count290
\l__fontspec_strong_int=\count291
\l__fontspec_strongdef_int=\count292
\l__fontspec_tmpa_dim=\dimen256
\l__fontspec_tmpb_dim=\dimen257
\l__fontspec_tmpc_dim=\dimen258

("C:\Users\Zvika\AppData\Local\Programs\MiKTeX 2.9\tex/latex/base\fontenc.sty"
Package: fontenc 2018/08/11 v2.0j Standard LaTeX package

("C:\Users\Zvika\AppData\Local\Programs\MiKTeX 2.9\tex/latex/base\tuenc.def"
File: tuenc.def 2018/08/11 v2.0j Standard LaTeX file
LaTeX Font Info:    Redeclaring font encoding TU on input line 82.
))
("C:\Users\Zvika\AppData\Local\Programs\MiKTeX 2.9\tex/latex/fontspec\fontspec.
cfg")
LaTeX Info: Redefining \itshape on input line 4044.
LaTeX Info: Redefining \slshape on input line 4049.
LaTeX Info: Redefining \scshape on input line 4054.
LaTeX Info: Redefining \upshape on input line 4059.
LaTeX Info: Redefining \em on input line 4089.
LaTeX Info: Redefining \emph on input line 4114.
))
("C:\Users\Zvika\AppData\Local\Programs\MiKTeX 2.9\tex/generic/oberdiek\ifluate
x.sty"
Package: ifluatex 2016/05/16 v1.4 Provides the ifluatex switch (HO)
Package ifluatex Info: LuaTeX not detected.
)
\xpg@normalclass=\XeTeXcharclass1
)
("C:\Users\Zvika\AppData\Local\Programs\MiKTeX 2.9\tex/latex/polyglossia\gloss-
hebrew.ldf"
File: gloss-hebrew.ldf polyglossia: module for hebrew

("C:\Users\Zvika\AppData\Local\Programs\MiKTeX 2.9\tex/latex/polyglossia\hebrew
cal.sty"
Package: hebrewcal 2015/04/17 v2.6 Hebrew calendar for polyglossia (adapted fro
m hebcal.sty in Babel)

("C:\Users\Zvika\AppData\Local\Programs\MiKTeX 2.9\tex/xelatex/bidi\bidi.sty"
Package: bidi 2019/03/03 v35.7 Bidirectional typesetting in plain TeX and LaTeX


****************************************************
* 
* bidi package (Bidirectional typesetting in
* plain TeX and LaTeX, using XeTeX engine)
* 
* Description: A convenient interface for
* typesetting bidirectional texts in plain TeX
* and LaTeX. The package includes adaptations
* for use with many other commonly-used packages.
* 
* Copyright (c) 2009--2019 Vafa Khalighi
* 
* v35.7, 2019/03/03
* 
* License: LaTeX Project Public License, version
* 1.3c or higher (your choice)
* 
* Location on CTAN: /macros/xetex/latex/bidi
* 
* Issue tracker: https://github.com/vafa-ac/bidi/issues
* 
****************************************************
("C:\Users\Zvika\AppData\Local\Programs\MiKTeX 2.9\tex/latex/iftex\iftex.sty"
Package: iftex 2013/04/04 v0.2 Provides if(tex) conditional for PDFTeX, XeTeX, 
and LuaTeX
)
("C:\Users\Zvika\AppData\Local\Programs\MiKTeX 2.9\tex/xelatex/bidi\biditools.s
ty"
Package: biditools 2018/12/11 v1.9 Programming tools for bidi package
\@bidi@envbody=\toks30
\@bidi@emptytoks=\toks31
\bidi@tempcountb=\count293
\bidi@temptoksa=\toks32
\bidi@temptoksb=\toks33
\bidi@dummies=\count294
\bidi@are@these@correct=\toks34
\bidi@toks@lista=\toks35
\bidi@toks@listb=\toks36
\bidi@stack@length=\count295
\bidi@empty@stack=\toks37
\bidi@looprepeat@depth=\count296
)
("C:\Users\Zvika\AppData\Local\Programs\MiKTeX 2.9\tex/latex/oberdiek\zref-absp
age.sty"
Package: zref-abspage 2018/11/21 v2.27 Module abspage for zref (HO)

("C:\Users\Zvika\AppData\Local\Programs\MiKTeX 2.9\tex/latex/oberdiek\zref-base
.sty"
Package: zref-base 2018/11/21 v2.27 Module base for zref (HO)

("C:\Users\Zvika\AppData\Local\Programs\MiKTeX 2.9\tex/generic/oberdiek\ltxcmds
.sty"
Package: ltxcmds 2016/05/16 v1.23 LaTeX kernel commands for general use (HO)
)
("C:\Users\Zvika\AppData\Local\Programs\MiKTeX 2.9\tex/generic/oberdiek\infware
rr.sty"
Package: infwarerr 2016/05/16 v1.4 Providing info/warning/error messages (HO)
)
("C:\Users\Zvika\AppData\Local\Programs\MiKTeX 2.9\tex/generic/oberdiek\kvsetke
ys.sty"
Package: kvsetkeys 2016/05/16 v1.17 Key value parser (HO)

("C:\Users\Zvika\AppData\Local\Programs\MiKTeX 2.9\tex/generic/oberdiek\etexcmd
s.sty"
Package: etexcmds 2016/05/16 v1.6 Avoid name clashes with e-TeX commands (HO)
))
("C:\Users\Zvika\AppData\Local\Programs\MiKTeX 2.9\tex/generic/oberdiek\kvdefin
ekeys.sty"
Package: kvdefinekeys 2016/05/16 v1.4 Define keys (HO)
)
("C:\Users\Zvika\AppData\Local\Programs\MiKTeX 2.9\tex/generic/oberdiek\pdftexc
mds.sty"
Package: pdftexcmds 2018/09/10 v0.29 Utility functions of pdfTeX for LuaTeX (HO
)
Package pdftexcmds Info: LuaTeX not detected.
Package pdftexcmds Info: pdfTeX >= 1.30 not detected.
Package pdftexcmds Info: \pdf@primitive is available.
Package pdftexcmds Info: \pdf@ifprimitive is available.
Package pdftexcmds Info: \pdfdraftmode not found.
)
("C:\Users\Zvika\AppData\Local\Programs\MiKTeX 2.9\tex/latex/oberdiek\auxhook.s
ty"
Package: auxhook 2016/05/16 v1.4 Hooks for auxiliary files (HO)
)
Package zref Info: New property list: main on input line 759.
Package zref Info: New property: default on input line 760.
Package zref Info: New property: page on input line 761.
)
("C:\Users\Zvika\AppData\Local\Programs\MiKTeX 2.9\tex/generic/oberdiek\atbegsh
i.sty"
Package: atbegshi 2016/06/09 v1.18 At begin shipout hook (HO)
)
\c@abspage=\count297
Package zref Info: New property: abspage on input line 62.
)
\@bidi@copyins@=\insert252

("C:\Users\Zvika\AppData\Local\Programs\MiKTeX 2.9\tex/xelatex/bidi\latex-xetex
-bidi.def"
File: latex-xetex-bidi.def 2019/03/03 v1.3.7 bidi adaptations for `latex.ltx' f
or XeTeX engine
\bidi@n@everypar=\toks38
\bidi@column@check@number=\count298

("C:\Users\Zvika\AppData\Local\Programs\MiKTeX 2.9\tex/xelatex/bidi\footnote-xe
tex-bidi.def"
File: footnote-xetex-bidi.def 2017/08/09 v1.1 bidi footnote macros for XeTeX en
gine
\c@footdir@label=\count299
\footdir@toks=\toks39
)
("C:\Users\Zvika\AppData\Local\Programs\MiKTeX 2.9\tex/xelatex/bidi\tocbasic-xe
tex-bidi.def"
File: tocbasic-xetex-bidi.def 2016/09/14 v0.2 bidi adaptations for tocbasic pac
kage for XeTeX engine
)
("C:\Users\Zvika\AppData\Local\Programs\MiKTeX 2.9\tex/xelatex/bidi\scrbook-xet
ex-bidi.def"
File: scrbook-xetex-bidi.def 2017/06/09 v1.1 bidi adaptations for scrbook class
 for XeTeX engine
)
("C:\Users\Zvika\AppData\Local\Programs\MiKTeX 2.9\tex/xelatex/bidi\color-xetex
-bidi.def"
File: color-xetex-bidi.def 2013/04/08 v0.2 bidi adaptations for color package f
or XeTeX engine
LaTeX Info: Redefining \color on input line 46.
)
("C:\Users\Zvika\AppData\Local\Programs\MiKTeX 2.9\tex/xelatex/bidi\xcolor-xete
x-bidi.def"
File: xcolor-xetex-bidi.def 2013/04/08 v0.2 bidi adaptations for xcolor package
 for XeTeX engine
LaTeX Info: Redefining \color on input line 45.
LaTeX Info: Redefining \bidicolor on input line 88.
)
("C:\Users\Zvika\AppData\Local\Programs\MiKTeX 2.9\tex/xelatex/bidi\graphicx-xe
tex-bidi.def"
File: graphicx-xetex-bidi.def 2017/06/17 v0.5 bidi adaptations for graphicx pac
kage for XeTeX engine
)
("C:\Users\Zvika\AppData\Local\Programs\MiKTeX 2.9\tex/xelatex/bidi\geometry-xe
tex-bidi.def"
File: geometry-xetex-bidi.def 2017/01/14 v0.2 bidi adaptations for geometry pac
kage for XeTeX engine
)
("C:\Users\Zvika\AppData\Local\Programs\MiKTeX 2.9\tex/xelatex/bidi\fancyhdr-xe
tex-bidi.def"
File: fancyhdr-xetex-bidi.def 2018/02/15 v0.7 bidi adaptations for fancyhdr pac
kage for XeTeX engine
)
("C:\Users\Zvika\AppData\Local\Programs\MiKTeX 2.9\tex/xelatex/bidi\pgfcorescop
es.code-xetex-bidi.def"
File: pgfcorescopes.code-xetex-bidi.def 2015/11/14 v0.1 bidi adaptations for pg
f package for XeTeX engine
)
("C:\Users\Zvika\AppData\Local\Programs\MiKTeX 2.9\tex/xelatex/bidi\multicol-xe
tex-bidi.def"
File: multicol-xetex-bidi.def 2018/10/07 v1.1 bidi adaptations for multicol pac
kage for XeTeX engine
))
("C:\Users\Zvika\AppData\Local\Programs\MiKTeX 2.9\tex/xelatex/bidi\loadingorde
r-xetex-bidi.def"
File: loadingorder-xetex-bidi.def 2017/12/29 v0.97 making sure that bidi is the
 last package loaded
)
\bidi@digits=\count300
\bidi@digits@charclass=\XeTeXcharclass2
\bidi@sepmark@charclass=\XeTeXcharclass3
)
("C:\Users\Zvika\AppData\Local\Programs\MiKTeX 2.9\tex/latex/polyglossia\cal-ut
il.def"
\c@tmpA=\count301
\c@tmpB=\count302
\c@tmpC=\count303
\c@tmpD=\count304
\c@tmpE=\count305
\c@tmpF=\count306
)
\hebrewday=\count307
\hebrewmonth=\count308
\hebrewyear=\count309
\@common=\count310
)

Package polyglossia Warning: No hyphenation patterns were loaded for `Hebrew'
(polyglossia)                I will use \language=\l@nohyphenation instead on i
nput line 21.

\l@hebrew = a dialect from \language\l@nohyphenation 

("C:\Users\Zvika\AppData\Local\Programs\MiKTeX 2.9\tex/latex/polyglossia\babel-
hebrewalph.def"
File: babel-hebrewalph.def 2010/03/02 Babel definitions for Hebrew numerals
 Adapted from hebrew.ldf (2005/03/30 v2.3h)
))
Package polyglossia Info: Default language is hebrew.

("C:\Users\Zvika\AppData\Local\Programs\MiKTeX 2.9\tex/latex/xpatch\xpatch.sty"
Package: xpatch 2012/10/02 v0.3 Extending etoolbox patching commands
)
("C:\Users\Zvika\AppData\Local\Programs\MiKTeX 2.9\tex/latex/setspace\setspace.
sty"
Package: setspace 2011/12/19 v6.7a set line spacing
)
("C:\Users\Zvika\AppData\Local\Programs\MiKTeX 2.9\tex/latex/adjustbox\adjustbo
x.sty"
Package: adjustbox 2019/01/04 v1.2 Adjusting TeX boxes (trim, clip, ...)

("C:\Users\Zvika\AppData\Local\Programs\MiKTeX 2.9\tex/latex/adjustbox\adjcalc.
sty"
Package: adjcalc 2012/05/16 v1.1 Provides advanced setlength with multiple back
-ends (calc, etex, pgfmath)
)
("C:\Users\Zvika\AppData\Local\Programs\MiKTeX 2.9\tex/latex/adjustbox\trimclip
.sty"
Package: trimclip 2018/04/08 v1.1 Trim and clip general TeX material

("C:\Users\Zvika\AppData\Local\Programs\MiKTeX 2.9\tex/latex/collectbox\collect
box.sty"
Package: collectbox 2012/05/17 v0.4b Collect macro arguments as boxes
\collectedbox=\box84
)
\tc@llx=\dimen259
\tc@lly=\dimen260
\tc@urx=\dimen261
\tc@ury=\dimen262
Package trimclip Info: Using driver 'tc-xetex.def'.

("C:\Users\Zvika\AppData\Local\Programs\MiKTeX 2.9\tex/latex/adjustbox\tc-xetex
.def"
File: tc-xetex.def 2019/01/04 v2.2 Clipping driver for xetex
))
\adjbox@Width=\dimen263
\adjbox@Height=\dimen264
\adjbox@Depth=\dimen265
\adjbox@Totalheight=\dimen266
\adjbox@pwidth=\dimen267
\adjbox@pheight=\dimen268
\adjbox@pdepth=\dimen269
\adjbox@ptotalheight=\dimen270

("C:\Users\Zvika\AppData\Local\Programs\MiKTeX 2.9\tex/latex/ifoddpage\ifoddpag
e.sty"
Package: ifoddpage 2016/04/23 v1.1 Conditionals for odd/even page detection
\c@checkoddpage=\count311
)
("C:\Users\Zvika\AppData\Local\Programs\MiKTeX 2.9\tex/latex/varwidth\varwidth.
sty"
Package: varwidth 2009/03/30 ver 0.92;  Variable-width minipages
\@vwid@box=\box85
\sift@deathcycles=\count312
\@vwid@loff=\dimen271
\@vwid@roff=\dimen272
))

Package fontspec Info: Font family 'TimesNewRoman(0)' created for font 'Times
(fontspec)             New Roman' with options [Script=Hebrew].
(fontspec)              
(fontspec)              This font family consists of the following NFSS
(fontspec)             series/shapes:
(fontspec)              
(fontspec)             - 'normal' (m/n) with NFSS spec.: <->"Times New
(fontspec)             Roman/OT:script=hebr;language=DFLT;"
(fontspec)             - 'small caps'  (m/sc) with NFSS spec.: 
(fontspec)             - 'bold' (bx/n) with NFSS spec.: <->"Times New
(fontspec)             Roman/B/OT:script=hebr;language=DFLT;"
(fontspec)             - 'bold small caps'  (bx/sc) with NFSS spec.: 
(fontspec)             - 'italic' (m/it) with NFSS spec.: <->"Times New
(fontspec)             Roman/I/OT:script=hebr;language=DFLT;"
(fontspec)             - 'italic small caps'  (m/itsc) with NFSS spec.: 
(fontspec)             - 'bold italic' (bx/it) with NFSS spec.: <->"Times New
(fontspec)             Roman/BI/OT:script=hebr;language=DFLT;"
(fontspec)             - 'bold italic small caps'  (bx/itsc) with NFSS spec.: 


Package fontspec Info: Could not resolve font "Narkisim/BI" (it probably
(fontspec)             doesn't exist).


Package fontspec Info: Could not resolve font "Narkisim/B" (it probably
(fontspec)             doesn't exist).


Package fontspec Info: Could not resolve font "Narkisim/I" (it probably
(fontspec)             doesn't exist).


Package fontspec Info: Font family 'Narkisim(0)' created for font 'Narkisim'
(fontspec)             with options [Script=Hebrew].
(fontspec)              
(fontspec)              This font family consists of the following NFSS
(fontspec)             series/shapes:
(fontspec)              
(fontspec)             - 'normal' (m/n) with NFSS spec.:
(fontspec)             <->"Narkisim/OT:script=hebr;language=DFLT;"
(fontspec)             - 'small caps'  (m/sc) with NFSS spec.: 


Package fontspec Info: Could not resolve font "Miriam/BI" (it probably doesn't
(fontspec)             exist).


Package fontspec Info: Could not resolve font "Miriam/B" (it probably doesn't
(fontspec)             exist).


Package fontspec Info: Could not resolve font "Miriam/I" (it probably doesn't
(fontspec)             exist).


Package fontspec Info: Font family 'Miriam(0)' created for font 'Miriam' with
(fontspec)             options [Script=Hebrew].
(fontspec)              
(fontspec)              This font family consists of the following NFSS
(fontspec)             series/shapes:
(fontspec)              
(fontspec)             - 'normal' (m/n) with NFSS spec.:
(fontspec)             <->"Miriam/OT:script=hebr;language=DFLT;"
(fontspec)             - 'small caps'  (m/sc) with NFSS spec.: 


Package fontspec Info: Font family 'TimesNewRoman(1)' created for font 'Times
(fontspec)             New Roman' with options
(fontspec)             [Ligatures=TeX,Mapping=tex-text].
(fontspec)              
(fontspec)              This font family consists of the following NFSS
(fontspec)             series/shapes:
(fontspec)              
(fontspec)             - 'normal' (m/n) with NFSS spec.: <->"Times New
(fontspec)             Roman/OT:script=latn;language=DFLT;mapping=tex-text;"
(fontspec)             - 'small caps'  (m/sc) with NFSS spec.: <->"Times New
(fontspec)             Roman/OT:script=latn;language=DFLT;+smcp;mapping=tex-tex
t;"
(fontspec)             - 'bold' (bx/n) with NFSS spec.: <->"Times New
(fontspec)             Roman/B/OT:script=latn;language=DFLT;mapping=tex-text;"
(fontspec)             - 'bold small caps'  (bx/sc) with NFSS spec.: <->"Times
(fontspec)             New
(fontspec)             Roman/B/OT:script=latn;language=DFLT;+smcp;mapping=tex-t
ext;"
(fontspec)             - 'italic' (m/it) with NFSS spec.: <->"Times New
(fontspec)             Roman/I/OT:script=latn;language=DFLT;mapping=tex-text;"
(fontspec)             - 'italic small caps'  (m/itsc) with NFSS spec.:
(fontspec)             <->"Times New
(fontspec)             Roman/I/OT:script=latn;language=DFLT;+smcp;mapping=tex-t
ext;"
(fontspec)             - 'bold italic' (bx/it) with NFSS spec.: <->"Times New
(fontspec)             Roman/BI/OT:script=latn;language=DFLT;mapping=tex-text;"

(fontspec)             - 'bold italic small caps'  (bx/itsc) with NFSS spec.:
(fontspec)             <->"Times New
(fontspec)             Roman/BI/OT:script=latn;language=DFLT;+smcp;mapping=tex-
text;"

LaTeX Info: Redefining \rmfamily on input line 114.
LaTeX Info: Redefining \sffamily on input line 115.

Package fontspec Info: Font family 'TimesNewRoman(2)' created for font 'Times
(fontspec)             New Roman' with options
(fontspec)             [WordSpace={1,0,0},HyphenChar=None,PunctuationSpace=Word
Space,Mapping=tex-text].
(fontspec)              
(fontspec)              This font family consists of the following NFSS
(fontspec)             series/shapes:
(fontspec)              
(fontspec)             - 'normal' (m/n) with NFSS spec.: <->"Times New
(fontspec)             Roman/OT:script=latn;language=DFLT;mapping=tex-text;"
(fontspec)             - 'small caps'  (m/sc) with NFSS spec.: <->"Times New
(fontspec)             Roman/OT:script=latn;language=DFLT;+smcp;mapping=tex-tex
t;"
(fontspec)             and font adjustment code:
(fontspec)             \fontdimen 2\font =1\fontdimen 2\font \fontdimen 3\font
(fontspec)             =0\fontdimen 3\font \fontdimen 4\font =0\fontdimen
(fontspec)             4\font \fontdimen 7\font =0\fontdimen 2\font
(fontspec)             \tex_hyphenchar:D \font =-1\scan_stop: 
(fontspec)             - 'bold' (bx/n) with NFSS spec.: <->"Times New
(fontspec)             Roman/B/OT:script=latn;language=DFLT;mapping=tex-text;"
(fontspec)             - 'bold small caps'  (bx/sc) with NFSS spec.: <->"Times
(fontspec)             New
(fontspec)             Roman/B/OT:script=latn;language=DFLT;+smcp;mapping=tex-t
ext;"
(fontspec)             and font adjustment code:
(fontspec)             \fontdimen 2\font =1\fontdimen 2\font \fontdimen 3\font
(fontspec)             =0\fontdimen 3\font \fontdimen 4\font =0\fontdimen
(fontspec)             4\font \fontdimen 7\font =0\fontdimen 2\font
(fontspec)             \tex_hyphenchar:D \font =-1\scan_stop: 
(fontspec)             - 'italic' (m/it) with NFSS spec.: <->"Times New
(fontspec)             Roman/I/OT:script=latn;language=DFLT;mapping=tex-text;"
(fontspec)             - 'italic small caps'  (m/itsc) with NFSS spec.:
(fontspec)             <->"Times New
(fontspec)             Roman/I/OT:script=latn;language=DFLT;+smcp;mapping=tex-t
ext;"
(fontspec)             and font adjustment code:
(fontspec)             \fontdimen 2\font =1\fontdimen 2\font \fontdimen 3\font
(fontspec)             =0\fontdimen 3\font \fontdimen 4\font =0\fontdimen
(fontspec)             4\font \fontdimen 7\font =0\fontdimen 2\font
(fontspec)             \tex_hyphenchar:D \font =-1\scan_stop: 
(fontspec)             - 'bold italic' (bx/it) with NFSS spec.: <->"Times New
(fontspec)             Roman/BI/OT:script=latn;language=DFLT;mapping=tex-text;"

(fontspec)             - 'bold italic small caps'  (bx/itsc) with NFSS spec.:
(fontspec)             <->"Times New
(fontspec)             Roman/BI/OT:script=latn;language=DFLT;+smcp;mapping=tex-
text;"
(fontspec)             and font adjustment code:
(fontspec)             \fontdimen 2\font =1\fontdimen 2\font \fontdimen 3\font
(fontspec)             =0\fontdimen 3\font \fontdimen 4\font =0\fontdimen
(fontspec)             4\font \fontdimen 7\font =0\fontdimen 2\font
(fontspec)             \tex_hyphenchar:D \font =-1\scan_stop: 

LaTeX Info: Redefining \ttfamily on input line 116.

("C:\Users\Zvika\AppData\Local\Programs\MiKTeX 2.9\tex/latex/xstring\xstring.st
y"
("C:\Users\Zvika\AppData\Local\Programs\MiKTeX 2.9\tex/generic/xstring\xstring.
tex"
\integerpart=\count313
Invalid UTF-8 byte or sequence at line 35 replaced by U+FFFD.
\decimalpart=\count314
Invalid UTF-8 byte or sequence at line 79 replaced by U+FFFD.
Invalid UTF-8 byte or sequence at line 79 replaced by U+FFFD.
Invalid UTF-8 byte or sequence at line 83 replaced by U+FFFD.
Invalid UTF-8 byte or sequence at line 86 replaced by U+FFFD.
Invalid UTF-8 byte or sequence at line 102 replaced by U+FFFD.
Invalid UTF-8 byte or sequence at line 114 replaced by U+FFFD.
Invalid UTF-8 byte or sequence at line 120 replaced by U+FFFD.
Invalid UTF-8 byte or sequence at line 125 replaced by U+FFFD.
Invalid UTF-8 byte or sequence at line 147 replaced by U+FFFD.
Invalid UTF-8 byte or sequence at line 147 replaced by U+FFFD.
Invalid UTF-8 byte or sequence at line 147 replaced by U+FFFD.
Invalid UTF-8 byte or sequence at line 182 replaced by U+FFFD.
Invalid UTF-8 byte or sequence at line 182 replaced by U+FFFD.
Invalid UTF-8 byte or sequence at line 182 replaced by U+FFFD.
Invalid UTF-8 byte or sequence at line 183 replaced by U+FFFD.
Invalid UTF-8 byte or sequence at line 184 replaced by U+FFFD.
Invalid UTF-8 byte or sequence at line 185 replaced by U+FFFD.
Invalid UTF-8 byte or sequence at line 185 replaced by U+FFFD.
Invalid UTF-8 byte or sequence at line 185 replaced by U+FFFD.
Invalid UTF-8 byte or sequence at line 189 replaced by U+FFFD.
Invalid UTF-8 byte or sequence at line 189 replaced by U+FFFD.
Invalid UTF-8 byte or sequence at line 190 replaced by U+FFFD.
Invalid UTF-8 byte or sequence at line 190 replaced by U+FFFD.
Invalid UTF-8 byte or sequence at line 193 replaced by U+FFFD.
Invalid UTF-8 byte or sequence at line 208 replaced by U+FFFD.
Invalid UTF-8 byte or sequence at line 208 replaced by U+FFFD.
Invalid UTF-8 byte or sequence at line 208 replaced by U+FFFD.
Invalid UTF-8 byte or sequence at line 208 replaced by U+FFFD.
Invalid UTF-8 byte or sequence at line 208 replaced by U+FFFD.
Invalid UTF-8 byte or sequence at line 208 replaced by U+FFFD.
Invalid UTF-8 byte or sequence at line 221 replaced by U+FFFD.
Invalid UTF-8 byte or sequence at line 221 replaced by U+FFFD.
Invalid UTF-8 byte or sequence at line 241 replaced by U+FFFD.
Invalid UTF-8 byte or sequence at line 241 replaced by U+FFFD.
Invalid UTF-8 byte or sequence at line 241 replaced by U+FFFD.
Invalid UTF-8 byte or sequence at line 241 replaced by U+FFFD.
Invalid UTF-8 byte or sequence at line 266 replaced by U+FFFD.
Invalid UTF-8 byte or sequence at line 284 replaced by U+FFFD.
Invalid UTF-8 byte or sequence at line 295 replaced by U+FFFD.
Invalid UTF-8 byte or sequence at line 300 replaced by U+FFFD.
Invalid UTF-8 byte or sequence at line 300 replaced by U+FFFD.
Invalid UTF-8 byte or sequence at line 301 replaced by U+FFFD.
Invalid UTF-8 byte or sequence at line 301 replaced by U+FFFD.
Invalid UTF-8 byte or sequence at line 301 replaced by U+FFFD.
Invalid UTF-8 byte or sequence at line 302 replaced by U+FFFD.
Invalid UTF-8 byte or sequence at line 303 replaced by U+FFFD.
Invalid UTF-8 byte or sequence at line 332 replaced by U+FFFD.
Invalid UTF-8 byte or sequence at line 332 replaced by U+FFFD.
Invalid UTF-8 byte or sequence at line 332 replaced by U+FFFD.
Invalid UTF-8 byte or sequence at line 332 replaced by U+FFFD.
Invalid UTF-8 byte or sequence at line 333 replaced by U+FFFD.
Invalid UTF-8 byte or sequence at line 334 replaced by U+FFFD.
Invalid UTF-8 byte or sequence at line 334 replaced by U+FFFD.
Invalid UTF-8 byte or sequence at line 334 replaced by U+FFFD.
Invalid UTF-8 byte or sequence at line 406 replaced by U+FFFD.
Invalid UTF-8 byte or sequence at line 406 replaced by U+FFFD.
Invalid UTF-8 byte or sequence at line 409 replaced by U+FFFD.
Invalid UTF-8 byte or sequence at line 410 replaced by U+FFFD.
Invalid UTF-8 byte or sequence at line 428 replaced by U+FFFD.
Invalid UTF-8 byte or sequence at line 434 replaced by U+FFFD.
Invalid UTF-8 byte or sequence at line 457 replaced by U+FFFD.
Invalid UTF-8 byte or sequence at line 457 replaced by U+FFFD.
Invalid UTF-8 byte or sequence at line 464 replaced by U+FFFD.
Invalid UTF-8 byte or sequence at line 464 replaced by U+FFFD.
Invalid UTF-8 byte or sequence at line 466 replaced by U+FFFD.
Invalid UTF-8 byte or sequence at line 466 replaced by U+FFFD.
Invalid UTF-8 byte or sequence at line 541 replaced by U+FFFD.
Invalid UTF-8 byte or sequence at line 541 replaced by U+FFFD.
Invalid UTF-8 byte or sequence at line 541 replaced by U+FFFD.
Invalid UTF-8 byte or sequence at line 586 replaced by U+FFFD.
Invalid UTF-8 byte or sequence at line 586 replaced by U+FFFD.
Invalid UTF-8 byte or sequence at line 588 replaced by U+FFFD.
Invalid UTF-8 byte or sequence at line 588 replaced by U+FFFD.
Invalid UTF-8 byte or sequence at line 595 replaced by U+FFFD.
Invalid UTF-8 byte or sequence at line 597 replaced by U+FFFD.
Invalid UTF-8 byte or sequence at line 599 replaced by U+FFFD.
Invalid UTF-8 byte or sequence at line 602 replaced by U+FFFD.
Invalid UTF-8 byte or sequence at line 605 replaced by U+FFFD.
Invalid UTF-8 byte or sequence at line 605 replaced by U+FFFD.
Invalid UTF-8 byte or sequence at line 610 replaced by U+FFFD.
Invalid UTF-8 byte or sequence at line 615 replaced by U+FFFD.
Invalid UTF-8 byte or sequence at line 632 replaced by U+FFFD.
Invalid UTF-8 byte or sequence at line 632 replaced by U+FFFD.
Invalid UTF-8 byte or sequence at line 633 replaced by U+FFFD.
Invalid UTF-8 byte or sequence at line 635 replaced by U+FFFD.
Invalid UTF-8 byte or sequence at line 637 replaced by U+FFFD.
Invalid UTF-8 byte or sequence at line 647 replaced by U+FFFD.
Invalid UTF-8 byte or sequence at line 653 replaced by U+FFFD.
Invalid UTF-8 byte or sequence at line 678 replaced by U+FFFD.
Invalid UTF-8 byte or sequence at line 700 replaced by U+FFFD.
Invalid UTF-8 byte or sequence at line 705 replaced by U+FFFD.
Invalid UTF-8 byte or sequence at line 715 replaced by U+FFFD.
Invalid UTF-8 byte or sequence at line 715 replaced by U+FFFD.
Invalid UTF-8 byte or sequence at line 715 replaced by U+FFFD.
Invalid UTF-8 byte or sequence at line 719 replaced by U+FFFD.
Invalid UTF-8 byte or sequence at line 732 replaced by U+FFFD.
Invalid UTF-8 byte or sequence at line 732 replaced by U+FFFD.
Invalid UTF-8 byte or sequence at line 741 replaced by U+FFFD.
Invalid UTF-8 byte or sequence at line 741 replaced by U+FFFD.
Invalid UTF-8 byte or sequence at line 742 replaced by U+FFFD.
Invalid UTF-8 byte or sequence at line 742 replaced by U+FFFD.
Invalid UTF-8 byte or sequence at line 762 replaced by U+FFFD.
Invalid UTF-8 byte or sequence at line 773 replaced by U+FFFD.
Invalid UTF-8 byte or sequence at line 773 replaced by U+FFFD.
Invalid UTF-8 byte or sequence at line 774 replaced by U+FFFD.
Invalid UTF-8 byte or sequence at line 774 replaced by U+FFFD.
Invalid UTF-8 byte or sequence at line 774 replaced by U+FFFD.
Invalid UTF-8 byte or sequence at line 797 replaced by U+FFFD.
Invalid UTF-8 byte or sequence at line 797 replaced by U+FFFD.
Invalid UTF-8 byte or sequence at line 810 replaced by U+FFFD.
Invalid UTF-8 byte or sequence at line 824 replaced by U+FFFD.
Invalid UTF-8 byte or sequence at line 824 replaced by U+FFFD.
Invalid UTF-8 byte or sequence at line 831 replaced by U+FFFD.
Invalid UTF-8 byte or sequence at line 838 replaced by U+FFFD.
Invalid UTF-8 byte or sequence at line 838 replaced by U+FFFD.
Invalid UTF-8 byte or sequence at line 846 replaced by U+FFFD.
Invalid UTF-8 byte or sequence at line 846 replaced by U+FFFD.
Invalid UTF-8 byte or sequence at line 861 replaced by U+FFFD.
Invalid UTF-8 byte or sequence at line 862 replaced by U+FFFD.
Invalid UTF-8 byte or sequence at line 864 replaced by U+FFFD.
Invalid UTF-8 byte or sequence at line 864 replaced by U+FFFD.
Invalid UTF-8 byte or sequence at line 908 replaced by U+FFFD.
Invalid UTF-8 byte or sequence at line 909 replaced by U+FFFD.
Invalid UTF-8 byte or sequence at line 909 replaced by U+FFFD.
Invalid UTF-8 byte or sequence at line 934 replaced by U+FFFD.
Invalid UTF-8 byte or sequence at line 934 replaced by U+FFFD.
Invalid UTF-8 byte or sequence at line 936 replaced by U+FFFD.
Invalid UTF-8 byte or sequence at line 936 replaced by U+FFFD.
Invalid UTF-8 byte or sequence at line 940 replaced by U+FFFD.
Invalid UTF-8 byte or sequence at line 940 replaced by U+FFFD.
Invalid UTF-8 byte or sequence at line 962 replaced by U+FFFD.
Invalid UTF-8 byte or sequence at line 962 replaced by U+FFFD.
Invalid UTF-8 byte or sequence at line 964 replaced by U+FFFD.
Invalid UTF-8 byte or sequence at line 965 replaced by U+FFFD.
Invalid UTF-8 byte or sequence at line 1006 replaced by U+FFFD.
)
Package: xstring 2019/02/06 v1.83 String manipulations (CT)
) (milon.aux (content.aux))
\openout1 = `milon.aux'.

LaTeX Font Info:    Checking defaults for OML/cmm/m/it on input line 233.
LaTeX Font Info:    ... okay on input line 233.
LaTeX Font Info:    Checking defaults for T1/cmr/m/n on input line 233.
LaTeX Font Info:    ... okay on input line 233.
LaTeX Font Info:    Checking defaults for OT1/cmr/m/n on input line 233.
LaTeX Font Info:    ... okay on input line 233.
LaTeX Font Info:    Checking defaults for OMS/cmsy/m/n on input line 233.
LaTeX Font Info:    ... okay on input line 233.
LaTeX Font Info:    Checking defaults for TU/lmr/m/n on input line 233.
LaTeX Font Info:    ... okay on input line 233.
LaTeX Font Info:    Checking defaults for OMX/cmex/m/n on input line 233.
LaTeX Font Info:    ... okay on input line 233.
LaTeX Font Info:    Checking defaults for U/cmr/m/n on input line 233.
LaTeX Font Info:    ... okay on input line 233.

*geometry* detected driver: pdftex
*geometry* verbose mode - [ preamble ] result:
* driver: pdftex
* paper: custom
* layout: <same size as paper>
* layoutoffset:(h,v)=(0.0pt,0.0pt)
* modes: twoside 
* h-part:(L,W,R)=(65.44142pt, 458.08911pt, 65.44142pt)
* v-part:(T,H,B)=(99.58464pt, 622.48909pt, 51.21504pt)
* \paperwidth=588.97195pt
* \paperheight=773.28877pt
* \textwidth=458.08911pt
* \textheight=622.48909pt
* \oddsidemargin=-6.82857pt
* \evensidemargin=-6.82857pt
* \topmargin=-27.79901pt
* \headheight=18.125pt
* \headsep=36.98866pt
* \topskip=12.0pt
* \footskip=50.75pt
* \marginparwidth=74.68849pt
* \marginparsep=12.8401pt
* \columnsep=18.0pt
* \skip\footins=24.0pt
* \hoffset=0.0pt
* \voffset=0.0pt
* \mag=1000
* \@twocolumnfalse
* \@twosidetrue
* \@mparswitchtrue
* \@reversemarginfalse
* (1in=72.27pt=25.4mm, 1cm=28.453pt)

ABD: EveryShipout initializing macros

Package fontspec Info: Adjusting the maths setup (use [no-math] to avoid
(fontspec)             this).

\symlegacymaths=\mathgroup4
LaTeX Font Info:    Overwriting symbol font `legacymaths' in version `bold'
(Font)                  OT1/cmr/m/n --> OT1/cmr/bx/n on input line 233.
LaTeX Font Info:    Redeclaring math accent \acute on input line 233.
LaTeX Font Info:    Redeclaring math accent \grave on input line 233.
LaTeX Font Info:    Redeclaring math accent \ddot on input line 233.
LaTeX Font Info:    Redeclaring math accent \tilde on input line 233.
LaTeX Font Info:    Redeclaring math accent \bar on input line 233.
LaTeX Font Info:    Redeclaring math accent \breve on input line 233.
LaTeX Font Info:    Redeclaring math accent \check on input line 233.
LaTeX Font Info:    Redeclaring math accent \hat on input line 233.
LaTeX Font Info:    Redeclaring math accent \dot on input line 233.
LaTeX Font Info:    Redeclaring math accent \mathring on input line 233.
LaTeX Font Info:    Redeclaring math symbol \colon on input line 233.
LaTeX Font Info:    Redeclaring math symbol \Gamma on input line 233.
LaTeX Font Info:    Redeclaring math symbol \Delta on input line 233.
LaTeX Font Info:    Redeclaring math symbol \Theta on input line 233.
LaTeX Font Info:    Redeclaring math symbol \Lambda on input line 233.
LaTeX Font Info:    Redeclaring math symbol \Xi on input line 233.
LaTeX Font Info:    Redeclaring math symbol \Pi on input line 233.
LaTeX Font Info:    Redeclaring math symbol \Sigma on input line 233.
LaTeX Font Info:    Redeclaring math symbol \Upsilon on input line 233.
LaTeX Font Info:    Redeclaring math symbol \Phi on input line 233.
LaTeX Font Info:    Redeclaring math symbol \Psi on input line 233.
LaTeX Font Info:    Redeclaring math symbol \Omega on input line 233.
LaTeX Font Info:    Redeclaring math symbol \mathdollar on input line 233.
LaTeX Font Info:    Redeclaring symbol font `operators' on input line 233.
LaTeX Font Info:    Encoding `OT1' has changed to `TU' for symbol font
(Font)              `operators' in the math version `normal' on input line 233.

LaTeX Font Info:    Overwriting symbol font `operators' in version `normal'
(Font)                  OT1/cmr/m/n --> TU/TimesNewRoman(1)/m/n on input line 2
33.
LaTeX Font Info:    Encoding `OT1' has changed to `TU' for symbol font
(Font)              `operators' in the math version `bold' on input line 233.
LaTeX Font Info:    Overwriting symbol font `operators' in version `bold'
(Font)                  OT1/cmr/bx/n --> TU/TimesNewRoman(1)/m/n on input line 
233.
LaTeX Font Info:    Overwriting symbol font `operators' in version `normal'
(Font)                  TU/TimesNewRoman(1)/m/n --> TU/TimesNewRoman(1)/m/n on 
input line 233.
LaTeX Font Info:    Overwriting math alphabet `\mathit' in version `normal'
(Font)                  OT1/cmr/m/it --> TU/TimesNewRoman(1)/m/it on input line
 233.
LaTeX Font Info:    Overwriting math alphabet `\mathbf' in version `normal'
(Font)                  OT1/cmr/bx/n --> TU/TimesNewRoman(1)/bx/n on input line
 233.
LaTeX Font Info:    Overwriting math alphabet `\mathsf' in version `normal'
(Font)                  OT1/cmss/m/n --> TU/TimesNewRoman(1)/m/n on input line 
233.
LaTeX Font Info:    Overwriting math alphabet `\mathtt' in version `normal'
(Font)                  OT1/cmtt/m/n --> TU/TimesNewRoman(2)/m/n on input line 
233.
LaTeX Font Info:    Overwriting symbol font `operators' in version `bold'
(Font)                  TU/TimesNewRoman(1)/m/n --> TU/TimesNewRoman(1)/bx/n on
 input line 233.
LaTeX Font Info:    Overwriting math alphabet `\mathit' in version `bold'
(Font)                  OT1/cmr/bx/it --> TU/TimesNewRoman(1)/bx/it on input li
ne 233.
LaTeX Font Info:    Overwriting math alphabet `\mathsf' in version `bold'
(Font)                  OT1/cmss/bx/n --> TU/TimesNewRoman(1)/bx/n on input lin
e 233.
LaTeX Font Info:    Overwriting math alphabet `\mathtt' in version `bold'
(Font)                  OT1/cmtt/m/n --> TU/TimesNewRoman(2)/bx/n on input line
 233.
\AtBeginShipoutBox=\box86
\openout2 = `content.aux'.

 (content.tex
part I.
Package scrkbase Info: You've told me to use the font selection of the element
(scrkbase)             `partprefix' that is an alias of element `partnumber'
(scrkbase)              on input line 1.
[-1



] [0]
LaTeX Font Info:    External font `cmex10' loaded for size
(Font)              <8> on input line 19.
LaTeX Font Info:    External font `cmex10' loaded for size
(Font)              <6> on input line 19.
LaTeX Font Info:    External font `cmex10' loaded for size
(Font)              <5> on input line 19.


Package multicol Warning: I moved some lines to the next page.
(multicol)                Footnotes on page \@alph \c@page  might be wrong on i
nput line 22.

[1]
Underfull \hbox (badness 10000) in paragraph at lines 25--26
[][]
 []


Package multicol Warning: I moved some lines to the next page.
(multicol)                Footnotes on page \@alph \c@page  might be wrong on i
nput line 34.


Overfull \vbox (11.0pt too high) has occurred while \output is active []

 [2]

Package multicol Warning: I moved some lines to the next page.
(multicol)                Footnotes on page \@alph \c@page  might be wrong on i
nput line 48.


Overfull \vbox (11.0pt too high) has occurred while \output is active []

 [3]
Underfull \hbox (badness 6708) in paragraph at lines 79--80
[]\TU/TimesNewRoman(0)/bx/n/12   \TU/TimesNewRoman(0)/m/n/11 - \TU/
TimesNewRoman(0)/bx/n/11    []
 []


Package multicol Warning: I moved some lines to the next page.
(multicol)                Footnotes on page \@alph \c@page  might be wrong on i
nput line 84.


Overfull \vbox (11.0pt too high) has occurred while \output is active []

 [4]

Package multicol Warning: I moved some lines to the next page.
(multicol)                Footnotes on page \@alph \c@page  might be wrong on i
nput line 114.


Overfull \vbox (11.0pt too high) has occurred while \output is active []

 [5]

Package multicol Warning: I moved some lines to the next page.
(multicol)                Footnotes on page \@alph \c@page  might be wrong on i
nput line 126.


Overfull \vbox (11.0pt too high) has occurred while \output is active []

 [6]
Underfull \hbox (badness 10000) in paragraph at lines 131--132
[][]
 []


Package multicol Warning: I moved some lines to the next page.
(multicol)                Footnotes on page \@alph \c@page  might be wrong on i
nput line 160.


Overfull \vbox (11.0pt too high) has occurred while \output is active []

 [7]

Package multicol Warning: I moved some lines to the next page.
(multicol)                Footnotes on page \@alph \c@page  might be wrong on i
nput line 192.


Overfull \vbox (11.0pt too high) has occurred while \output is active []

 [8]

Package multicol Warning: I moved some lines to the next page.
(multicol)                Footnotes on page \@alph \c@page  might be wrong on i
nput line 218.


Overfull \vbox (11.0pt too high) has occurred while \output is active []

 [9]
Underfull \hbox (badness 6859) in paragraph at lines 233--234
[]\TU/TimesNewRoman(0)/bx/n/11     \TU/TimesNewRoman(0)/
m/n/11 -  []
 []

[10]
Underfull \hbox (badness 10000) in paragraph at lines 255--256
[][]
 []


Package multicol Warning: I moved some lines to the next page.
(multicol)                Footnotes on page \@alph \c@page  might be wrong on i
nput line 266.


Overfull \vbox (11.0pt too high) has occurred while \output is active []

 [11]

LaTeX Font Warning: Font shape `TU/Miriam(0)/bx/n' undefined
(Font)              using `TU/Miriam(0)/m/n' instead on input line 267.


Underfull \hbox (badness 10000) in paragraph at lines 271--272
[]\TU/TimesNewRoman(0)/bx/n/11      []
 []


Package multicol Warning: I moved some lines to the next page.
(multicol)                Footnotes on page \@alph \c@page  might be wrong on i
nput line 296.


Overfull \vbox (11.0pt too high) has occurred while \output is active []

 [12]

Package multicol Warning: I moved some lines to the next page.
(multicol)                Footnotes on page \@alph \c@page  might be wrong on i
nput line 319.


Overfull \vbox (11.0pt too high) has occurred while \output is active []

 [13]
Underfull \hbox (badness 6236) in paragraph at lines 342--343
[]\TU/Miriam(0)/m/n/10   -\TU/Miriam(0)/bx/n/11 \TU
/Miriam(0)/m/n/10 ,  []
 []

[14]

Package multicol Warning: I moved some lines to the next page.
(multicol)                Footnotes on page \@alph \c@page  might be wrong on i
nput line 345.


Overfull \vbox (11.0pt too high) has occurred while \output is active []

 [15]
Underfull \hbox (badness 5578) in paragraph at lines 354--355
[]\TU/TimesNewRoman(0)/m/n/11   ,   []
 []


Package multicol Warning: I moved some lines to the next page.
(multicol)                Footnotes on page \@alph \c@page  might be wrong on i
nput line 355.


Overfull \vbox (11.0pt too high) has occurred while \output is active []

 [16]

Package multicol Warning: I moved some lines to the next page.
(multicol)                Footnotes on page \@alph \c@page  might be wrong on i
nput line 385.


Overfull \vbox (11.0pt too high) has occurred while \output is active []

 [17]

Package multicol Warning: I moved some lines to the next page.
(multicol)                Footnotes on page \@alph \c@page  might be wrong on i
nput line 405.


Overfull \vbox (11.0pt too high) has occurred while \output is active []

 [18]
Underfull \hbox (badness 10000) in paragraph at lines 430--431
[][]
 []


Package multicol Warning: I moved some lines to the next page.
(multicol)                Footnotes on page \@alph \c@page  might be wrong on i
nput line 453.


Overfull \vbox (11.0pt too high) has occurred while \output is active []

 [19]
Underfull \hbox (badness 10000) in paragraph at lines 456--457
[][]
 []

[20]
Underfull \hbox (badness 10000) in paragraph at lines 483--484
[][]
 []


Package multicol Warning: I moved some lines to the next page.
(multicol)                Footnotes on page \@alph \c@page  might be wrong on i
nput line 504.

[21]

Package multicol Warning: I moved some lines to the next page.
(multicol)                Footnotes on page \@alph \c@page  might be wrong on i
nput line 520.


Overfull \vbox (11.0pt too high) has occurred while \output is active []

 [22]

Package multicol Warning: I moved some lines to the next page.
(multicol)                Footnotes on page \@alph \c@page  might be wrong on i
nput line 527.


Overfull \vbox (11.0pt too high) has occurred while \output is active []

 [23]

Package multicol Warning: I moved some lines to the next page.
(multicol)                Footnotes on page \@alph \c@page  might be wrong on i
nput line 541.


Overfull \vbox (11.0pt too high) has occurred while \output is active []

 [24]

Package multicol Warning: I moved some lines to the next page.
(multicol)                Footnotes on page \@alph \c@page  might be wrong on i
nput line 589.


Overfull \vbox (11.0pt too high) has occurred while \output is active []

 [25]

Package multicol Warning: I moved some lines to the next page.
(multicol)                Footnotes on page \@alph \c@page  might be wrong on i
nput line 610.


Overfull \vbox (11.0pt too high) has occurred while \output is active []

 [26]

Package multicol Warning: I moved some lines to the next page.
(multicol)                Footnotes on page \@alph \c@page  might be wrong on i
nput line 627.


Overfull \vbox (11.0pt too high) has occurred while \output is active []

 [27]
[28]) [29]
No complaints by nag.
(milon.aux (content.aux))

LaTeX Font Warning: Some font shapes were not available, defaults substituted.

 ) 
Here is how much of TeX's memory you used:
 29635 strings out of 427748
 618367 string characters out of 3147011
 857708 words of memory out of 3000000
 33250 multiletter control sequences out of 15000+200000
 534465 words of font info for 68 fonts, out of 3000000 for 9000
 1328 hyphenation exceptions out of 8191
 82i,20n,80p,9086b,1449s stack positions out of 5000i,500n,10000p,200000b,50000s

Output written on milon.pdf (31 pages).
