This is XeTeX, Version 3.141592653-2.6-0.999996 (MiKTeX 24.4) (preloaded format=xelatex 2024.12.29)  2 JAN 2025 16:00
entering extended mode
 restricted \write18 enabled.
 file:line:error style messages enabled.
 %&-line parsing enabled.
**./milon.tex
(milon.tex
LaTeX2e <2024-11-01> patch level 1
L3 programming layer <2024-12-09>

(C:\Users\Zvika\AppData\Local\Programs\MiKTeX\tex/latex/koma-script\scrbook.cls
Document Class: scrbook 2024/10/24 v3.43 KOMA-Script document class (book)

(C:\Users\Zvika\AppData\Local\Programs\MiKTeX\tex/latex/koma-script\scrkbase.st
y
Package: scrkbase 2024/10/24 v3.43 KOMA-Script package (KOMA-Script-dependent b
asics and keyval usage)

(C:\Users\Zvika\AppData\Local\Programs\MiKTeX\tex/latex/koma-script\scrbase.sty
Package: scrbase 2024/10/24 v3.43 KOMA-Script package (KOMA-Script-independent 
basics and keyval usage)

(C:\Users\Zvika\AppData\Local\Programs\MiKTeX\tex/latex/koma-script\scrlfile.st
y
Package: scrlfile 2024/10/24 v3.43 KOMA-Script package (file load hooks)

(C:\Users\Zvika\AppData\Local\Programs\MiKTeX\tex/latex/koma-script\scrlfile-ho
ok.sty
Package: scrlfile-hook 2024/10/24 v3.43 KOMA-Script package (using LaTeX hooks)


(C:\Users\Zvika\AppData\Local\Programs\MiKTeX\tex/latex/koma-script\scrlogo.sty
Package: scrlogo 2024/10/24 v3.43 KOMA-Script package (logo)
))) (C:\Users\Zvika\AppData\Local\Programs\MiKTeX\tex/latex/graphics\keyval.sty
Package: keyval 2022/05/29 v1.15 key=value parser (DPC)
\KV@toks@=\toks17
)
Applying: [2021/05/01] Usage of raw or classic option list on input line 254.
Already applied: [0000/00/00] Usage of raw or classic option list on input line
 370.
))
(C:\Users\Zvika\AppData\Local\Programs\MiKTeX\tex/latex/koma-script\tocbasic.st
y
Package: tocbasic 2024/10/24 v3.43 KOMA-Script package (handling toc-files)
\scr@dte@tocline@numberwidth=\skip49
\scr@dte@tocline@numbox=\box52
)
Package tocbasic Info: omitting babel extension for `toc'
(tocbasic)             because of feature `nobabel' available
(tocbasic)             for `toc' on input line 137.
Package scrbook Info: You've used standard option `12pt'.
(scrbook)             This is correct!
(scrbook)             Internally I'm using `fontsize=12pt'.
(scrbook)             If you'd like to set the option with \KOMAoptions,
(scrbook)             you'd have to use `fontsize=12pt' there
(scrbook)             instead of `12pt', too.
Class scrbook Info: File `scrsize12pt.clo' used to setup font sizes on input li
ne 2716.

(C:\Users\Zvika\AppData\Local\Programs\MiKTeX\tex/latex/koma-script\scrsize12pt
.clo
File: scrsize12pt.clo 2024/10/24 v3.43 KOMA-Script font size class option (12pt
)
)
(C:\Users\Zvika\AppData\Local\Programs\MiKTeX\tex/latex/koma-script\typearea.st
y
Package: typearea 2024/10/24 v3.43 KOMA-Script package (type area)
\ta@bcor=\skip50
\ta@div=\count192
\ta@hblk=\skip51
\ta@vblk=\skip52
\ta@temp=\skip53
\footheight=\skip54
Package typearea Info: These are the values describing the layout:
(typearea)             DIV  = 12
(typearea)             BCOR = 0.0pt
(typearea)             \paperwidth      = 597.50793pt
(typearea)              \textwidth      = 448.13095pt
(typearea)              DIV departure   = -6%
(typearea)              \evensidemargin = 27.31467pt
(typearea)              \oddsidemargin  = -22.47766pt
(typearea)             \paperheight     = 845.04694pt
(typearea)              \textheight     = 635.5pt
(typearea)              \topmargin      = -41.72441pt
(typearea)              \headheight     = 18.125pt
(typearea)              \headsep        = 21.75pt
(typearea)              \topskip        = 12.0pt
(typearea)              \footskip       = 50.75pt
(typearea)              \baselineskip   = 14.5pt
(typearea)              on input line 1802.
)
\c@part=\count193
\c@chapter=\count194
\c@section=\count195
\c@subsection=\count196
\c@subsubsection=\count197
\c@paragraph=\count198
\c@subparagraph=\count199
\scr@dte@chapter@maxnumwidth=\skip55
Class scrbook Info: using compatibility default `afterindent=bysign'
(scrbook)           for `\chapter on input line 6016.
\scr@dte@section@maxnumwidth=\skip56
Class scrbook Info: using compatibility default `runin=bysign'
(scrbook)           for `\section on input line 6027.
Class scrbook Info: using compatibility default `afterindent=bysign'
(scrbook)           for `\section on input line 6027.
\scr@dte@part@maxnumwidth=\skip57
Class scrbook Info: using compatibility default `afterindent=true'
(scrbook)           for `\part on input line 6036.
\scr@dte@subsection@maxnumwidth=\skip58
Class scrbook Info: using compatibility default `runin=bysign'
(scrbook)           for `\subsection on input line 6046.
Class scrbook Info: using compatibility default `afterindent=bysign'
(scrbook)           for `\subsection on input line 6046.
\scr@dte@subsubsection@maxnumwidth=\skip59
Class scrbook Info: using compatibility default `runin=bysign'
(scrbook)           for `\subsubsection on input line 6056.
Class scrbook Info: using compatibility default `afterindent=bysign'
(scrbook)           for `\subsubsection on input line 6056.
\scr@dte@paragraph@maxnumwidth=\skip60
Class scrbook Info: using compatibility default `runin=bysign'
(scrbook)           for `\paragraph on input line 6067.
Class scrbook Info: using compatibility default `afterindent=bysign'
(scrbook)           for `\paragraph on input line 6067.
\scr@dte@subparagraph@maxnumwidth=\skip61
Class scrbook Info: using compatibility default `runin=bysign'
(scrbook)           for `\subparagraph on input line 6077.
Class scrbook Info: using compatibility default `afterindent=bysign'
(scrbook)           for `\subparagraph on input line 6077.
\abovecaptionskip=\skip62
\belowcaptionskip=\skip63
\c@pti@nb@sid@b@x=\box53
Package tocbasic Info: omitting babel extension for `lof'
(tocbasic)             because of feature `nobabel' available
(tocbasic)             for `lof' on input line 7271.
\scr@dte@figure@maxnumwidth=\skip64
\c@figure=\count266
Package tocbasic Info: omitting babel extension for `lot'
(tocbasic)             because of feature `nobabel' available
(tocbasic)             for `lot' on input line 7288.
\scr@dte@table@maxnumwidth=\skip65
\c@table=\count267
Class scrbook Info: Redefining `\numberline' on input line 7459.
\bibindent=\dimen141
) (C:\Users\Zvika\AppData\Local\Programs\MiKTeX\tex/latex/nag\nag.sty
Package: nag 2011/11/25 0.7 warning about old commands (ulmi)
\c@nag@c=\count268
\c@nag@sins=\count269
)
(C:\Users\Zvika\AppData\Local\Programs\MiKTeX\tex/latex/geometry\geometry.sty
Package: geometry 2020/01/02 v5.9 Page Geometry

(C:\Users\Zvika\AppData\Local\Programs\MiKTeX\tex/generic/iftex\ifvtex.sty
Package: ifvtex 2019/10/25 v1.7 ifvtex legacy package. Use iftex instead.

(C:\Users\Zvika\AppData\Local\Programs\MiKTeX\tex/generic/iftex\iftex.sty
Package: iftex 2024/12/12 v1.0g TeX engine tests
))
\Gm@cnth=\count270
\Gm@cntv=\count271
\c@Gm@tempcnt=\count272
\Gm@bindingoffset=\dimen142
\Gm@wd@mp=\dimen143
\Gm@odd@mp=\dimen144
\Gm@even@mp=\dimen145
\Gm@layoutwidth=\dimen146
\Gm@layoutheight=\dimen147
\Gm@layouthoffset=\dimen148
\Gm@layoutvoffset=\dimen149
\Gm@dimlist=\toks18

(C:\Users\Zvika\AppData\Local\Programs\MiKTeX\tex/latex/geometry\geometry.cfg)

Package geometry Warning: Over-specification in `h'-direction.
    `width' (448.13095pt) is ignored.


Package geometry Warning: Over-specification in `v'-direction.
    `height' (635.5pt) is ignored.

) (polythumbs.sty
Package: polythumbs 2016/03/27 Thumbs Index, compatible with RTL language and p
olyglossia

(C:\Users\Zvika\AppData\Local\Programs\MiKTeX\tex/latex/fancytabs\fancytabs.sty
Package: fancytabs 2016/03/29 1.9 Fancy page border tabs with Tikz
Package: fancytabs 

(C:\Users\Zvika\AppData\Local\Programs\MiKTeX\tex/latex/pgf/frontendlayer\tikz.
sty
(C:\Users\Zvika\AppData\Local\Programs\MiKTeX\tex/latex/pgf/basiclayer\pgf.sty
(C:\Users\Zvika\AppData\Local\Programs\MiKTeX\tex/latex/pgf/utilities\pgfrcs.st
y
(C:\Users\Zvika\AppData\Local\Programs\MiKTeX\tex/generic/pgf/utilities\pgfutil
-common.tex
\pgfutil@everybye=\toks19
\pgfutil@tempdima=\dimen150
\pgfutil@tempdimb=\dimen151
)
(C:\Users\Zvika\AppData\Local\Programs\MiKTeX\tex/generic/pgf/utilities\pgfutil
-latex.def
\pgfutil@abb=\box54
)
(C:\Users\Zvika\AppData\Local\Programs\MiKTeX\tex/generic/pgf/utilities\pgfrcs.
code.tex
(C:\Users\Zvika\AppData\Local\Programs\MiKTeX\tex/generic/pgf\pgf.revision.tex)
Package: pgfrcs 2023-01-15 v3.1.10 (3.1.10)
))
Package: pgf 2023-01-15 v3.1.10 (3.1.10)

(C:\Users\Zvika\AppData\Local\Programs\MiKTeX\tex/latex/pgf/basiclayer\pgfcore.
sty
(C:\Users\Zvika\AppData\Local\Programs\MiKTeX\tex/latex/graphics\graphicx.sty
Package: graphicx 2021/09/16 v1.2d Enhanced LaTeX Graphics (DPC,SPQR)

(C:\Users\Zvika\AppData\Local\Programs\MiKTeX\tex/latex/graphics\graphics.sty
Package: graphics 2024/08/06 v1.4g Standard LaTeX Graphics (DPC,SPQR)

(C:\Users\Zvika\AppData\Local\Programs\MiKTeX\tex/latex/graphics\trig.sty
Package: trig 2023/12/02 v1.11 sin cos tan (DPC)
)
(C:\Users\Zvika\AppData\Local\Programs\MiKTeX\tex/latex/graphics-cfg\graphics.c
fg
File: graphics.cfg 2016/06/04 v1.11 sample graphics configuration
)
Package graphics Info: Driver file: xetex.def on input line 106.

(C:\Users\Zvika\AppData\Local\Programs\MiKTeX\tex/latex/graphics-def\xetex.def
File: xetex.def 2022/09/22 v5.0n Graphics/color driver for xetex
))
\Gin@req@height=\dimen152
\Gin@req@width=\dimen153
)
(C:\Users\Zvika\AppData\Local\Programs\MiKTeX\tex/latex/pgf/systemlayer\pgfsys.
sty
(C:\Users\Zvika\AppData\Local\Programs\MiKTeX\tex/generic/pgf/systemlayer\pgfsy
s.code.tex
Package: pgfsys 2023-01-15 v3.1.10 (3.1.10)

(C:\Users\Zvika\AppData\Local\Programs\MiKTeX\tex/generic/pgf/utilities\pgfkeys
.code.tex
\pgfkeys@pathtoks=\toks20
\pgfkeys@temptoks=\toks21

(C:\Users\Zvika\AppData\Local\Programs\MiKTeX\tex/generic/pgf/utilities\pgfkeys
libraryfiltered.code.tex
\pgfkeys@tmptoks=\toks22
))
\pgf@x=\dimen154
\pgf@y=\dimen155
\pgf@xa=\dimen156
\pgf@ya=\dimen157
\pgf@xb=\dimen158
\pgf@yb=\dimen159
\pgf@xc=\dimen160
\pgf@yc=\dimen161
\pgf@xd=\dimen162
\pgf@yd=\dimen163
\w@pgf@writea=\write3
\r@pgf@reada=\read2
\c@pgf@counta=\count273
\c@pgf@countb=\count274
\c@pgf@countc=\count275
\c@pgf@countd=\count276
\t@pgf@toka=\toks23
\t@pgf@tokb=\toks24
\t@pgf@tokc=\toks25
\pgf@sys@id@count=\count277

(C:\Users\Zvika\AppData\Local\Programs\MiKTeX\tex/generic/pgf/systemlayer\pgf.c
fg
File: pgf.cfg 2023-01-15 v3.1.10 (3.1.10)
)
Driver file for pgf: pgfsys-xetex.def

(C:\Users\Zvika\AppData\Local\Programs\MiKTeX\tex/generic/pgf/systemlayer\pgfsy
s-xetex.def
File: pgfsys-xetex.def 2023-01-15 v3.1.10 (3.1.10)

(C:\Users\Zvika\AppData\Local\Programs\MiKTeX\tex/generic/pgf/systemlayer\pgfsy
s-dvipdfmx.def
File: pgfsys-dvipdfmx.def 2023-01-15 v3.1.10 (3.1.10)

(C:\Users\Zvika\AppData\Local\Programs\MiKTeX\tex/generic/pgf/systemlayer\pgfsy
s-common-pdf.def
File: pgfsys-common-pdf.def 2023-01-15 v3.1.10 (3.1.10)
)
\pgfsys@objnum=\count278
)))
(C:\Users\Zvika\AppData\Local\Programs\MiKTeX\tex/generic/pgf/systemlayer\pgfsy
ssoftpath.code.tex
File: pgfsyssoftpath.code.tex 2023-01-15 v3.1.10 (3.1.10)
\pgfsyssoftpath@smallbuffer@items=\count279
\pgfsyssoftpath@bigbuffer@items=\count280
)
(C:\Users\Zvika\AppData\Local\Programs\MiKTeX\tex/generic/pgf/systemlayer\pgfsy
sprotocol.code.tex
File: pgfsysprotocol.code.tex 2023-01-15 v3.1.10 (3.1.10)
))
(C:\Users\Zvika\AppData\Local\Programs\MiKTeX\tex/latex/xcolor\xcolor.sty
Package: xcolor 2024/09/29 v3.02 LaTeX color extensions (UK)

(C:\Users\Zvika\AppData\Local\Programs\MiKTeX\tex/latex/graphics-cfg\color.cfg
File: color.cfg 2016/01/02 v1.6 sample color configuration
)
Package xcolor Info: Driver file: xetex.def on input line 274.
(C:\Users\Zvika\AppData\Local\Programs\MiKTeX\tex/latex/graphics\mathcolor.ltx)
Package xcolor Info: Model `cmy' substituted by `cmy0' on input line 1349.
Package xcolor Info: Model `RGB' extended on input line 1365.
Package xcolor Info: Model `HTML' substituted by `rgb' on input line 1367.
Package xcolor Info: Model `Hsb' substituted by `hsb' on input line 1368.
Package xcolor Info: Model `tHsb' substituted by `hsb' on input line 1369.
Package xcolor Info: Model `HSB' substituted by `hsb' on input line 1370.
Package xcolor Info: Model `Gray' substituted by `gray' on input line 1371.
Package xcolor Info: Model `wave' substituted by `hsb' on input line 1372.
)
(C:\Users\Zvika\AppData\Local\Programs\MiKTeX\tex/generic/pgf/basiclayer\pgfcor
e.code.tex
Package: pgfcore 2023-01-15 v3.1.10 (3.1.10)

(C:\Users\Zvika\AppData\Local\Programs\MiKTeX\tex/generic/pgf/math\pgfmath.code
.tex
(C:\Users\Zvika\AppData\Local\Programs\MiKTeX\tex/generic/pgf/math\pgfmathutil.
code.tex)
(C:\Users\Zvika\AppData\Local\Programs\MiKTeX\tex/generic/pgf/math\pgfmathparse
r.code.tex
\pgfmath@dimen=\dimen164
\pgfmath@count=\count281
\pgfmath@box=\box55
\pgfmath@toks=\toks26
\pgfmath@stack@operand=\toks27
\pgfmath@stack@operation=\toks28
)
(C:\Users\Zvika\AppData\Local\Programs\MiKTeX\tex/generic/pgf/math\pgfmathfunct
ions.code.tex)
(C:\Users\Zvika\AppData\Local\Programs\MiKTeX\tex/generic/pgf/math\pgfmathfunct
ions.basic.code.tex)
(C:\Users\Zvika\AppData\Local\Programs\MiKTeX\tex/generic/pgf/math\pgfmathfunct
ions.trigonometric.code.tex)
(C:\Users\Zvika\AppData\Local\Programs\MiKTeX\tex/generic/pgf/math\pgfmathfunct
ions.random.code.tex)
(C:\Users\Zvika\AppData\Local\Programs\MiKTeX\tex/generic/pgf/math\pgfmathfunct
ions.comparison.code.tex)
(C:\Users\Zvika\AppData\Local\Programs\MiKTeX\tex/generic/pgf/math\pgfmathfunct
ions.base.code.tex)
(C:\Users\Zvika\AppData\Local\Programs\MiKTeX\tex/generic/pgf/math\pgfmathfunct
ions.round.code.tex)
(C:\Users\Zvika\AppData\Local\Programs\MiKTeX\tex/generic/pgf/math\pgfmathfunct
ions.misc.code.tex)
(C:\Users\Zvika\AppData\Local\Programs\MiKTeX\tex/generic/pgf/math\pgfmathfunct
ions.integerarithmetics.code.tex)
(C:\Users\Zvika\AppData\Local\Programs\MiKTeX\tex/generic/pgf/math\pgfmathcalc.
code.tex)
(C:\Users\Zvika\AppData\Local\Programs\MiKTeX\tex/generic/pgf/math\pgfmathfloat
.code.tex
\c@pgfmathroundto@lastzeros=\count282
))
(C:\Users\Zvika\AppData\Local\Programs\MiKTeX\tex/generic/pgf/math\pgfint.code.
tex)
(C:\Users\Zvika\AppData\Local\Programs\MiKTeX\tex/generic/pgf/basiclayer\pgfcor
epoints.code.tex
File: pgfcorepoints.code.tex 2023-01-15 v3.1.10 (3.1.10)
\pgf@picminx=\dimen165
\pgf@picmaxx=\dimen166
\pgf@picminy=\dimen167
\pgf@picmaxy=\dimen168
\pgf@pathminx=\dimen169
\pgf@pathmaxx=\dimen170
\pgf@pathminy=\dimen171
\pgf@pathmaxy=\dimen172
\pgf@xx=\dimen173
\pgf@xy=\dimen174
\pgf@yx=\dimen175
\pgf@yy=\dimen176
\pgf@zx=\dimen177
\pgf@zy=\dimen178
)
(C:\Users\Zvika\AppData\Local\Programs\MiKTeX\tex/generic/pgf/basiclayer\pgfcor
epathconstruct.code.tex
File: pgfcorepathconstruct.code.tex 2023-01-15 v3.1.10 (3.1.10)
\pgf@path@lastx=\dimen179
\pgf@path@lasty=\dimen180
)
(C:\Users\Zvika\AppData\Local\Programs\MiKTeX\tex/generic/pgf/basiclayer\pgfcor
epathusage.code.tex
File: pgfcorepathusage.code.tex 2023-01-15 v3.1.10 (3.1.10)
\pgf@shorten@end@additional=\dimen181
\pgf@shorten@start@additional=\dimen182
)
(C:\Users\Zvika\AppData\Local\Programs\MiKTeX\tex/generic/pgf/basiclayer\pgfcor
escopes.code.tex
File: pgfcorescopes.code.tex 2023-01-15 v3.1.10 (3.1.10)
\pgfpic=\box56
\pgf@hbox=\box57
\pgf@layerbox@main=\box58
\pgf@picture@serial@count=\count283
)
(C:\Users\Zvika\AppData\Local\Programs\MiKTeX\tex/generic/pgf/basiclayer\pgfcor
egraphicstate.code.tex
File: pgfcoregraphicstate.code.tex 2023-01-15 v3.1.10 (3.1.10)
\pgflinewidth=\dimen183
)
(C:\Users\Zvika\AppData\Local\Programs\MiKTeX\tex/generic/pgf/basiclayer\pgfcor
etransformations.code.tex
File: pgfcoretransformations.code.tex 2023-01-15 v3.1.10 (3.1.10)
\pgf@pt@x=\dimen184
\pgf@pt@y=\dimen185
\pgf@pt@temp=\dimen186
)
(C:\Users\Zvika\AppData\Local\Programs\MiKTeX\tex/generic/pgf/basiclayer\pgfcor
equick.code.tex
File: pgfcorequick.code.tex 2023-01-15 v3.1.10 (3.1.10)
)
(C:\Users\Zvika\AppData\Local\Programs\MiKTeX\tex/generic/pgf/basiclayer\pgfcor
eobjects.code.tex
File: pgfcoreobjects.code.tex 2023-01-15 v3.1.10 (3.1.10)
)
(C:\Users\Zvika\AppData\Local\Programs\MiKTeX\tex/generic/pgf/basiclayer\pgfcor
epathprocessing.code.tex
File: pgfcorepathprocessing.code.tex 2023-01-15 v3.1.10 (3.1.10)
)
(C:\Users\Zvika\AppData\Local\Programs\MiKTeX\tex/generic/pgf/basiclayer\pgfcor
earrows.code.tex
File: pgfcorearrows.code.tex 2023-01-15 v3.1.10 (3.1.10)
\pgfarrowsep=\dimen187
)
(C:\Users\Zvika\AppData\Local\Programs\MiKTeX\tex/generic/pgf/basiclayer\pgfcor
eshade.code.tex
File: pgfcoreshade.code.tex 2023-01-15 v3.1.10 (3.1.10)
\pgf@max=\dimen188
\pgf@sys@shading@range@num=\count284
\pgf@shadingcount=\count285
)
(C:\Users\Zvika\AppData\Local\Programs\MiKTeX\tex/generic/pgf/basiclayer\pgfcor
eimage.code.tex
File: pgfcoreimage.code.tex 2023-01-15 v3.1.10 (3.1.10)
)
(C:\Users\Zvika\AppData\Local\Programs\MiKTeX\tex/generic/pgf/basiclayer\pgfcor
eexternal.code.tex
File: pgfcoreexternal.code.tex 2023-01-15 v3.1.10 (3.1.10)
\pgfexternal@startupbox=\box59
)
(C:\Users\Zvika\AppData\Local\Programs\MiKTeX\tex/generic/pgf/basiclayer\pgfcor
elayers.code.tex
File: pgfcorelayers.code.tex 2023-01-15 v3.1.10 (3.1.10)
)
(C:\Users\Zvika\AppData\Local\Programs\MiKTeX\tex/generic/pgf/basiclayer\pgfcor
etransparency.code.tex
File: pgfcoretransparency.code.tex 2023-01-15 v3.1.10 (3.1.10)
)
(C:\Users\Zvika\AppData\Local\Programs\MiKTeX\tex/generic/pgf/basiclayer\pgfcor
epatterns.code.tex
File: pgfcorepatterns.code.tex 2023-01-15 v3.1.10 (3.1.10)
)
(C:\Users\Zvika\AppData\Local\Programs\MiKTeX\tex/generic/pgf/basiclayer\pgfcor
erdf.code.tex
File: pgfcorerdf.code.tex 2023-01-15 v3.1.10 (3.1.10)
)))
(C:\Users\Zvika\AppData\Local\Programs\MiKTeX\tex/generic/pgf/modules\pgfmodule
shapes.code.tex
File: pgfmoduleshapes.code.tex 2023-01-15 v3.1.10 (3.1.10)
\pgfnodeparttextbox=\box60
)
(C:\Users\Zvika\AppData\Local\Programs\MiKTeX\tex/generic/pgf/modules\pgfmodule
plot.code.tex
File: pgfmoduleplot.code.tex 2023-01-15 v3.1.10 (3.1.10)
)
(C:\Users\Zvika\AppData\Local\Programs\MiKTeX\tex/latex/pgf/compatibility\pgfco
mp-version-0-65.sty
Package: pgfcomp-version-0-65 2023-01-15 v3.1.10 (3.1.10)
\pgf@nodesepstart=\dimen189
\pgf@nodesepend=\dimen190
)
(C:\Users\Zvika\AppData\Local\Programs\MiKTeX\tex/latex/pgf/compatibility\pgfco
mp-version-1-18.sty
Package: pgfcomp-version-1-18 2023-01-15 v3.1.10 (3.1.10)
))
(C:\Users\Zvika\AppData\Local\Programs\MiKTeX\tex/latex/pgf/utilities\pgffor.st
y
(C:\Users\Zvika\AppData\Local\Programs\MiKTeX\tex/latex/pgf/utilities\pgfkeys.s
ty
(C:\Users\Zvika\AppData\Local\Programs\MiKTeX\tex/generic/pgf/utilities\pgfkeys
.code.tex))
(C:\Users\Zvika\AppData\Local\Programs\MiKTeX\tex/latex/pgf/math\pgfmath.sty
(C:\Users\Zvika\AppData\Local\Programs\MiKTeX\tex/generic/pgf/math\pgfmath.code
.tex))
(C:\Users\Zvika\AppData\Local\Programs\MiKTeX\tex/generic/pgf/utilities\pgffor.
code.tex
Package: pgffor 2023-01-15 v3.1.10 (3.1.10)
\pgffor@iter=\dimen191
\pgffor@skip=\dimen192
\pgffor@stack=\toks29
\pgffor@toks=\toks30
))
(C:\Users\Zvika\AppData\Local\Programs\MiKTeX\tex/generic/pgf/frontendlayer/tik
z\tikz.code.tex
Package: tikz 2023-01-15 v3.1.10 (3.1.10)

(C:\Users\Zvika\AppData\Local\Programs\MiKTeX\tex/generic/pgf/libraries\pgflibr
aryplothandlers.code.tex
File: pgflibraryplothandlers.code.tex 2023-01-15 v3.1.10 (3.1.10)
\pgf@plot@mark@count=\count286
\pgfplotmarksize=\dimen193
)
\tikz@lastx=\dimen194
\tikz@lasty=\dimen195
\tikz@lastxsaved=\dimen196
\tikz@lastysaved=\dimen197
\tikz@lastmovetox=\dimen198
\tikz@lastmovetoy=\dimen199
\tikzleveldistance=\dimen256
\tikzsiblingdistance=\dimen257
\tikz@figbox=\box61
\tikz@figbox@bg=\box62
\tikz@tempbox=\box63
\tikz@tempbox@bg=\box64
\tikztreelevel=\count287
\tikznumberofchildren=\count288
\tikznumberofcurrentchild=\count289
\tikz@fig@count=\count290

(C:\Users\Zvika\AppData\Local\Programs\MiKTeX\tex/generic/pgf/modules\pgfmodule
matrix.code.tex
File: pgfmodulematrix.code.tex 2023-01-15 v3.1.10 (3.1.10)
\pgfmatrixcurrentrow=\count291
\pgfmatrixcurrentcolumn=\count292
\pgf@matrix@numberofcolumns=\count293
)
\tikz@expandcount=\count294

(C:\Users\Zvika\AppData\Local\Programs\MiKTeX\tex/generic/pgf/frontendlayer/tik
z/libraries\tikzlibrarytopaths.code.tex
File: tikzlibrarytopaths.code.tex 2023-01-15 v3.1.10 (3.1.10)
)))
(C:\Users\Zvika\AppData\Local\Programs\MiKTeX\tex/latex/etoolbox\etoolbox.sty
Package: etoolbox 2020/10/05 v2.5k e-TeX tools for LaTeX (JAW)
\etb@tempcnta=\count295
)
\tab@height=\skip66
\tab@width=\skip67
\tab@top=\skip68
\tab@gap=\skip69
)
\c@PolythumbCounter=\count296
)

Class scrbook Warning: Usage of package `fancyhdr' together
(scrbook)              with a KOMA-Script class is not recommended.
(scrbook)              I'd suggest to use 
(scrbook)              package `scrlayer' or `scrlayer-scrpage', because
(scrbook)              they support KOMA-Script classes.
(scrbook)              With `fancyhdr' several features of class `scrbook'
(scrbook)              like options `headsepline', `footsepline' or command
(scrbook)              `\MakeMarkcase' and the commands `\setkomafont' and
(scrbook)              `\addtokomafont' for the page style elements need
(scrbook)              explicite user intervention to work.
(scrbook)              Nevertheless, using requested
(scrbook)              package `fancyhdr' on input line 31.

(C:\Users\Zvika\AppData\Local\Programs\MiKTeX\tex/latex/fancyhdr\fancyhdr.sty
Package: fancyhdr 2024/12/09 v4.5 Extensive control of page headers and footers

\f@nch@headwidth=\skip70
\f@nch@O@elh=\skip71
\f@nch@O@erh=\skip72
\f@nch@O@olh=\skip73
\f@nch@O@orh=\skip74
\f@nch@O@elf=\skip75
\f@nch@O@erf=\skip76
\f@nch@O@olf=\skip77
\f@nch@O@orf=\skip78
)
(C:\Users\Zvika\AppData\Local\Programs\MiKTeX\tex/latex/tools\multicol.sty
Package: multicol 2024/09/14 v1.9i multicolumn formatting (FMi)
\c@tracingmulticols=\count297
\mult@box=\box65
\multicol@leftmargin=\dimen258
\c@unbalance=\count298
\c@collectmore=\count299
\doublecol@number=\count300
\multicoltolerance=\count301
\multicolpretolerance=\count302
\full@width=\dimen259
\page@free=\dimen260
\premulticols=\dimen261
\postmulticols=\dimen262
\multicolsep=\skip79
\multicolbaselineskip=\skip80
\partial@page=\box66
\last@line=\box67
\mc@boxedresult=\box68
\maxbalancingoverflow=\dimen263
\mult@rightbox=\box69
\mult@grightbox=\box70
\mult@firstbox=\box71
\mult@gfirstbox=\box72
\@tempa=\box73
\@tempa=\box74
\@tempa=\box75
\@tempa=\box76
\@tempa=\box77
\@tempa=\box78
\@tempa=\box79
\@tempa=\box80
\@tempa=\box81
\@tempa=\box82
\@tempa=\box83
\@tempa=\box84
\@tempa=\box85
\@tempa=\box86
\@tempa=\box87
\@tempa=\box88
\@tempa=\box89
\@tempa=\box90
\@tempa=\box91
\@tempa=\box92
\@tempa=\box93
\@tempa=\box94
\@tempa=\box95
\@tempa=\box96
\@tempa=\box97
\@tempa=\box98
\@tempa=\box99
\@tempa=\box100
\@tempa=\box101
\@tempa=\box102
\@tempa=\box103
\@tempa=\box104
\@tempa=\box105
\@tempa=\box106
\@tempa=\box107
\@tempa=\box108
\c@minrows=\count303
\c@columnbadness=\count304
\c@finalcolumnbadness=\count305
\last@try=\dimen264
\multicolovershoot=\dimen265
\multicolundershoot=\dimen266
\mult@nat@firstbox=\box109
\colbreak@box=\box110
\mc@col@check@num=\count306
)
(C:\Users\Zvika\AppData\Local\Programs\MiKTeX\tex/latex/nowidow\nowidow.sty
Package: nowidow 2011/09/20 1.0 Easily prevent widows and orphans
Package: nowidow 

(C:\Users\Zvika\AppData\Local\Programs\MiKTeX\tex/latex/kvoptions\kvoptions.sty
Package: kvoptions 2022-06-15 v3.15 Key value format for package options (HO)
(C:\Users\Zvika\AppData\Local\Programs\MiKTeX\tex/generic/ltxcmds\ltxcmds.sty
Package: ltxcmds 2023-12-04 v1.26 LaTeX kernel commands for general use (HO)
)
(C:\Users\Zvika\AppData\Local\Programs\MiKTeX\tex/latex/kvsetkeys\kvsetkeys.sty
Package: kvsetkeys 2022-10-05 v1.19 Key value parser (HO)
)))
(C:\Users\Zvika\AppData\Local\Programs\MiKTeX\tex/latex/polyglossia\polyglossia
.sty
Package: polyglossia 2024/09/23 v2.3 Modern multilingual typesetting with XeLaT
eX and LuaLaTeX

(C:\Users\Zvika\AppData\Local\Programs\MiKTeX\tex/latex/fontspec\fontspec.sty
(C:\Users\Zvika\AppData\Local\Programs\MiKTeX\tex/latex/l3packages/xparse\xpars
e.sty
(C:\Users\Zvika\AppData\Local\Programs\MiKTeX\tex/latex/l3kernel\expl3.sty
Package: expl3 2024-12-09 L3 programming layer (loader) 

(C:\Users\Zvika\AppData\Local\Programs\MiKTeX\tex/latex/l3backend\l3backend-xet
ex.def
File: l3backend-xetex.def 2024-05-08 L3 backend support: XeTeX
\g__graphics_track_int=\count307
\l__pdf_internal_box=\box111
\g__pdf_backend_annotation_int=\count308
\g__pdf_backend_link_int=\count309
))
Package: xparse 2024-08-16 L3 Experimental document command parser
)
Package: fontspec 2024/05/11 v2.9e Font selection for XeLaTeX and LuaLaTeX

(C:\Users\Zvika\AppData\Local\Programs\MiKTeX\tex/latex/fontspec\fontspec-xetex
.sty
Package: fontspec-xetex 2024/05/11 v2.9e Font selection for XeLaTeX and LuaLaTe
X
\l__fontspec_script_int=\count310
\l__fontspec_language_int=\count311
\l__fontspec_strnum_int=\count312
\l__fontspec_tmp_int=\count313
\l__fontspec_tmpa_int=\count314
\l__fontspec_tmpb_int=\count315
\l__fontspec_tmpc_int=\count316
\l__fontspec_em_int=\count317
\l__fontspec_emdef_int=\count318
\l__fontspec_strong_int=\count319
\l__fontspec_strongdef_int=\count320
\l__fontspec_tmpa_dim=\dimen267
\l__fontspec_tmpb_dim=\dimen268
\l__fontspec_tmpc_dim=\dimen269
 (C:\Users\Zvika\AppData\Local\Programs\MiKTeX\tex/latex/base\fontenc.sty
Package: fontenc 2021/04/29 v2.0v Standard LaTeX package
)
(C:\Users\Zvika\AppData\Local\Programs\MiKTeX\tex/latex/fontspec\fontspec.cfg))
)
\l_xpg_alias_keyvals_int=\count321

(C:\Users\Zvika\AppData\Local\Programs\MiKTeX\tex/latex/polyglossia\gloss-latex
.ldf
File: gloss-latex.ldf polyglossia: module for default language
))
(C:\Users\Zvika\AppData\Local\Programs\MiKTeX\tex/latex/polyglossia\gloss-hebre
w.ldf
File: gloss-hebrew.ldf polyglossia: module for Hebrew
 (C:\Users\Zvika\AppData\Local\Programs\MiKTeX\tex/xelatex/bidi\bidi.sty
Package: bidi 2024/12/20 v40.6 (Release John Willard Milnor) Bidirectional type
setting in plain TeX and LaTeX

****************************************************
* 
* bidi package (Bidirectional typesetting in
* plain TeX and LaTeX, using XeTeX engine)
* 
* Description: A convenient interface for
* typesetting bidirectional texts in plain TeX
* and LaTeX. The package includes adaptations
* for use with many other commonly-used packages.
* 
* Copyright (c) 2007--2024 Vafa Khalighi
* Copyright (c) 2018--2020 bidi-tex GitHub organization
* 
* v40.6 (Release John Willard Milnor), 2024/12/20
* 
* License: LaTeX Project Public License, version
* 1.3c or higher (your choice)
* 
* Location on CTAN: /macros/xetex/latex/bidi
* 
* Issue tracker: https://github.com/xepersian/bidi/issues
* 
* Discussions: https://github.com/xepersian/bidi/discussions
* 
* Primary author of bidi package: Vafa Khalighi.
* 
****************************************************
(C:\Users\Zvika\AppData\Local\Programs\MiKTeX\tex/xelatex/bidi\biditools.sty
Package: biditools 2024/12/07 v2.4 Programming tools for bidi package
\@bidi@envbody=\toks31
\@bidi@emptytoks=\toks32
\bidi@poscount=\count322
\bidi@tempcountb=\count323
\bidi@temptoksa=\toks33
\bidi@temptoksb=\toks34
\bidi@dummies=\count324
\bidi@are@these@correct=\toks35
\bidi@toks@lista=\toks36
\bidi@toks@listb=\toks37
\bidi@stack@length=\count325
\bidi@empty@stack=\toks38
\bidi@looprepeat@depth=\count326
)
(C:\Users\Zvika\AppData\Local\Programs\MiKTeX\tex/latex/zref\zref-abspage.sty
Package: zref-abspage 2023-09-14 v2.35 Module abspage for zref (HO)

(C:\Users\Zvika\AppData\Local\Programs\MiKTeX\tex/latex/zref\zref-base.sty
Package: zref-base 2023-09-14 v2.35 Module base for zref (HO)

(C:\Users\Zvika\AppData\Local\Programs\MiKTeX\tex/generic/infwarerr\infwarerr.s
ty
Package: infwarerr 2019/12/03 v1.5 Providing info/warning/error messages (HO)
)
(C:\Users\Zvika\AppData\Local\Programs\MiKTeX\tex/generic/kvdefinekeys\kvdefine
keys.sty
Package: kvdefinekeys 2019-12-19 v1.6 Define keys (HO)
)
(C:\Users\Zvika\AppData\Local\Programs\MiKTeX\tex/generic/pdftexcmds\pdftexcmds
.sty
Package: pdftexcmds 2020-06-27 v0.33 Utility functions of pdfTeX for LuaTeX (HO
)
Package pdftexcmds Info: \pdf@primitive is available.
Package pdftexcmds Info: \pdf@ifprimitive is available.
Package pdftexcmds Info: \pdfdraftmode not found.
)
(C:\Users\Zvika\AppData\Local\Programs\MiKTeX\tex/generic/etexcmds\etexcmds.sty
Package: etexcmds 2019/12/15 v1.7 Avoid name clashes with e-TeX commands (HO)
) (C:\Users\Zvika\AppData\Local\Programs\MiKTeX\tex/latex/auxhook\auxhook.sty
Package: auxhook 2019-12-17 v1.6 Hooks for auxiliary files (HO)
)
Package zref Info: New property list: main on input line 767.
Package zref Info: New property: default on input line 768.
Package zref Info: New property: page on input line 769.
)
\c@abspage=\count327
Package zref Info: New property: abspage on input line 67.
)
\@bidi@copyins@=\insert252

(C:\Users\Zvika\AppData\Local\Programs\MiKTeX\tex/xelatex/bidi\latex-xetex-bidi
.def
File: latex-xetex-bidi.def 2024/12/08 v1.5.1 bidi adaptations for `latex.ltx' f
or XeTeX engine
\bidi@n@everypar=\toks39
LaTeX Info: Redefining \centerline on input line 316.
LaTeX Info: Redefining \leftline on input line 325.
LaTeX Info: Redefining \rightline on input line 326.
LaTeX Info: Redefining \underline on input line 334.
\bidi@column@check@number=\count328

(C:\Users\Zvika\AppData\Local\Programs\MiKTeX\tex/xelatex/bidi\footnote-xetex-b
idi.def
File: footnote-xetex-bidi.def 2024/12/14 v1.3 bidi footnote macros for XeTeX en
gine
\c@footdir@label=\count329
\footdir@toks=\toks40
)
(C:\Users\Zvika\AppData\Local\Programs\MiKTeX\tex/xelatex/bidi\tocbasic-xetex-b
idi.def
File: tocbasic-xetex-bidi.def 2022/06/15 v0.5 bidi adaptations for tocbasic pac
kage for XeTeX engine
)
(C:\Users\Zvika\AppData\Local\Programs\MiKTeX\tex/xelatex/bidi\scrbook-xetex-bi
di.def
File: scrbook-xetex-bidi.def 2022/05/27 v1.3 bidi adaptations for scrbook class
 for XeTeX engine
)
(C:\Users\Zvika\AppData\Local\Programs\MiKTeX\tex/xelatex/bidi\color-xetex-bidi
.def
File: color-xetex-bidi.def 2013/04/08 v0.2 bidi adaptations for color package f
or XeTeX engine
LaTeX Info: Redefining \color on input line 49.
)
(C:\Users\Zvika\AppData\Local\Programs\MiKTeX\tex/xelatex/bidi\xcolor-xetex-bid
i.def
File: xcolor-xetex-bidi.def 2022/06/13 v0.3 bidi adaptations for xcolor package
 for XeTeX engine
LaTeX Info: Redefining \color on input line 48.
LaTeX Info: Redefining \bidicolor on input line 91.
)
(C:\Users\Zvika\AppData\Local\Programs\MiKTeX\tex/xelatex/bidi\graphicx-xetex-b
idi.def
File: graphicx-xetex-bidi.def 2017/06/17 v0.5 bidi adaptations for graphicx pac
kage for XeTeX engine
)
(C:\Users\Zvika\AppData\Local\Programs\MiKTeX\tex/xelatex/bidi\geometry-xetex-b
idi.def
File: geometry-xetex-bidi.def 2017/01/14 v0.2 bidi adaptations for geometry pac
kage for XeTeX engine
)
(C:\Users\Zvika\AppData\Local\Programs\MiKTeX\tex/xelatex/bidi\fancyhdr-xetex-b
idi.def
File: fancyhdr-xetex-bidi.def 2024/12/07 v0.8 bidi adaptations for fancyhdr pac
kage for XeTeX engine
)
(C:\Users\Zvika\AppData\Local\Programs\MiKTeX\tex/xelatex/bidi\pgfcorescopes.co
de-xetex-bidi.def
File: pgfcorescopes.code-xetex-bidi.def 2015/11/14 v0.1 bidi adaptations for pg
f package for XeTeX engine
)
(C:\Users\Zvika\AppData\Local\Programs\MiKTeX\tex/xelatex/bidi\multicol-xetex-b
idi.def
File: multicol-xetex-bidi.def 2022/07/10 v1.4 bidi adaptations for multicol pac
kage for XeTeX engine
)
(C:\Users\Zvika\AppData\Local\Programs\MiKTeX\tex/xelatex/bidi\pgfsys.code-xete
x-bidi.def
File: pgfsys.code-xetex-bidi.def 2022/06/01 v0.1 bidi adaptations for pgfsys.co
de.tex file for XeTeX engine
))
(C:\Users\Zvika\AppData\Local\Programs\MiKTeX\tex/xelatex/bidi\loadingorder-xet
ex-bidi.def
File: loadingorder-xetex-bidi.def 2024/12/08 v0.99 making sure that bidi is the
 last package loaded
)
\bidi@digits=\count330
\bidi@digits@charclass=\XeTeXcharclass1
\bidi@sepmark@charclass=\XeTeXcharclass2
)
(C:\Users\Zvika\AppData\Local\Programs\MiKTeX\tex/latex/polyglossia\hebrewcal.s
ty
Package: hebrewcal 2022/07/18 v2.8 Hebrew calendar for polyglossia (adapted fro
m hebcal.sty in Babel)

(C:\Users\Zvika\AppData\Local\Programs\MiKTeX\tex/latex/polyglossia\cal-util.de
f
\c@tmpA=\count331
\c@tmpB=\count332
\c@tmpC=\count333
\c@tmpD=\count334
\c@tmpE=\count335
\c@tmpF=\count336
) (C:\Users\Zvika\AppData\Local\Programs\MiKTeX\tex/latex/xkeyval\xkeyval.sty
Package: xkeyval 2022/06/16 v2.9 package option processing (HA)

(C:\Users\Zvika\AppData\Local\Programs\MiKTeX\tex/generic/xkeyval\xkeyval.tex
(C:\Users\Zvika\AppData\Local\Programs\MiKTeX\tex/generic/xkeyval\xkvutils.tex
\XKV@toks=\toks41
\XKV@tempa@toks=\toks42
)
\XKV@depth=\count337
File: xkeyval.tex 2014/12/03 v2.7a key=value parser (HA)
))
\hebrewday=\count338
\hebrewmonth=\count339
\hebrewyear=\count340
\@common=\count341
)
(C:\Users\Zvika\AppData\Local\Programs\MiKTeX\tex/latex/polyglossia\babel-hebre
walph.def
File: babel-hebrewalph.def 2023/06/01 Expandable definitions for Hebrew numeral
s
))

Package polyglossia Info: Default language is hebrew


(C:\Users\Zvika\AppData\Local\Programs\MiKTeX\tex/latex/adjustbox\adjustbox.sty
Package: adjustbox 2022/10/17 v1.3a Adjusting TeX boxes (trim, clip, ...)
(C:\Users\Zvika\AppData\Local\Programs\MiKTeX\tex/latex/adjustbox\adjcalc.sty
Package: adjcalc 2012/05/16 v1.1 Provides advanced setlength with multiple back
-ends (calc, etex, pgfmath)
)
(C:\Users\Zvika\AppData\Local\Programs\MiKTeX\tex/latex/adjustbox\trimclip.sty
Package: trimclip 2020/08/19 v1.2 Trim and clip general TeX material

(C:\Users\Zvika\AppData\Local\Programs\MiKTeX\tex/latex/collectbox\collectbox.s
ty
Package: collectbox 2022/10/17 v0.4c Collect macro arguments as boxes
\collectedbox=\box112
)
\tc@llx=\dimen270
\tc@lly=\dimen271
\tc@urx=\dimen272
\tc@ury=\dimen273
Package trimclip Info: Using driver 'tc-xetex.def'.

(C:\Users\Zvika\AppData\Local\Programs\MiKTeX\tex/latex/adjustbox\tc-xetex.def
File: tc-xetex.def 2019/01/04 v2.2 Clipping driver for xetex
))
\adjbox@Width=\dimen274
\adjbox@Height=\dimen275
\adjbox@Depth=\dimen276
\adjbox@Totalheight=\dimen277
\adjbox@pwidth=\dimen278
\adjbox@pheight=\dimen279
\adjbox@pdepth=\dimen280
\adjbox@ptotalheight=\dimen281

(C:\Users\Zvika\AppData\Local\Programs\MiKTeX\tex/latex/ifoddpage\ifoddpage.sty
Package: ifoddpage 2022/10/18 v1.2 Conditionals for odd/even page detection
\c@checkoddpage=\count342
) (C:\Users\Zvika\AppData\Local\Programs\MiKTeX\tex/latex/varwidth\varwidth.sty
Package: varwidth 2009/03/30 ver 0.92;  Variable-width minipages
\@vwid@box=\box113
\sift@deathcycles=\count343
\@vwid@loff=\dimen282
\@vwid@roff=\dimen283
))
(C:\Users\Zvika\AppData\Local\Programs\MiKTeX\tex/latex/needspace\needspace.sty
Package: needspace 2010/09/12 v1.3d reserve vertical space
)

Package fontspec Info: 
(fontspec)             Font family 'TimesNewRoman(0)' created for font 'Times
(fontspec)             New Roman' with options [Script=Hebrew,LetterSpace=3].
(fontspec)              
(fontspec)              This font family consists of the following NFSS
(fontspec)             series/shapes:
(fontspec)              
(fontspec)             - 'normal' (m/n) with NFSS spec.: <->"Times New
(fontspec)             Roman/OT:script=hebr;language=dflt;letterspace=3;"
(fontspec)             - 'small caps'  (m/sc) with NFSS spec.: <->"Times New
(fontspec)             Roman/OT:script=hebr;language=dflt;letterspace=3;+smcp;"

(fontspec)             - 'bold' (b/n) with NFSS spec.: <->"Times New
(fontspec)             Roman/B/OT:script=hebr;language=dflt;letterspace=3;"
(fontspec)             - 'bold small caps'  (b/sc) with NFSS spec.: <->"Times
(fontspec)             New
(fontspec)             Roman/B/OT:script=hebr;language=dflt;letterspace=3;+smcp
;"
(fontspec)             - 'italic' (m/it) with NFSS spec.: <->"Times New
(fontspec)             Roman/I/OT:script=hebr;language=dflt;letterspace=3;"
(fontspec)             - 'italic small caps'  (m/scit) with NFSS spec.:
(fontspec)             <->"Times New
(fontspec)             Roman/I/OT:script=hebr;language=dflt;letterspace=3;+smcp
;"
(fontspec)             - 'bold italic' (b/it) with NFSS spec.: <->"Times New
(fontspec)             Roman/BI/OT:script=hebr;language=dflt;letterspace=3;"
(fontspec)             - 'bold italic small caps'  (b/scit) with NFSS spec.:
(fontspec)             <->"Times New
(fontspec)             Roman/BI/OT:script=hebr;language=dflt;letterspace=3;+smc
p;"


Package fontspec Info: 
(fontspec)             Could not resolve font "Miriam/I" (it probably doesn't
(fontspec)             exist).


Package fontspec Info: 
(fontspec)             Could not resolve font "Miriam/BI" (it probably doesn't
(fontspec)             exist).


Package fontspec Info: 
(fontspec)             Could not resolve font "Miriam/I" (it probably doesn't
(fontspec)             exist).


Package fontspec Info: 
(fontspec)             Font family 'Miriam(0)' created for font 'Miriam' with
(fontspec)             options [Script=Hebrew,AutoFakeBold=1.5].
(fontspec)              
(fontspec)              This font family consists of the following NFSS
(fontspec)             series/shapes:
(fontspec)              
(fontspec)             - 'normal' (m/n) with NFSS spec.:
(fontspec)             <->"Miriam/OT:script=hebr;language=dflt;"
(fontspec)             - 'bold' (b/n) with NFSS spec.:
(fontspec)             <->"Miriam/OT:script=hebr;language=dflt;embolden=1.5;"


Package fontspec Info: 
(fontspec)             Could not resolve font "Hadassah Friedlaender/I" (it
(fontspec)             probably doesn't exist).


Package fontspec Info: 
(fontspec)             Font family 'HadassahFriedlaender(0)' created for font
(fontspec)             'Hadassah Friedlaender' with options [Script=Hebrew].
(fontspec)              
(fontspec)              This font family consists of the following NFSS
(fontspec)             series/shapes:
(fontspec)              
(fontspec)             - 'normal' (m/n) with NFSS spec.: <->"Hadassah
(fontspec)             Friedlaender/OT:script=hebr;language=dflt;"
(fontspec)             - 'bold' (b/n) with NFSS spec.: <->"Hadassah
(fontspec)             Friedlaender/B/OT:script=hebr;language=dflt;"
(fontspec)             - 'bold italic' (b/it) with NFSS spec.: <->"Hadassah
(fontspec)             Friedlaender/BI/OT:script=hebr;language=dflt;"


Package fontspec Info: 
(fontspec)             Could not resolve font "Guttman Stam/BI" (it probably
(fontspec)             doesn't exist).


Package fontspec Info: 
(fontspec)             Could not resolve font "Guttman Stam/B" (it probably
(fontspec)             doesn't exist).


Package fontspec Info: 
(fontspec)             Could not resolve font "Guttman Stam/I" (it probably
(fontspec)             doesn't exist).


Package fontspec Info: 
(fontspec)             Font family 'GuttmanStam(0)' created for font 'Guttman
(fontspec)             Stam' with options [Script=Hebrew].
(fontspec)              
(fontspec)              This font family consists of the following NFSS
(fontspec)             series/shapes:
(fontspec)              
(fontspec)             - 'normal' (m/n) with NFSS spec.: <->"Guttman
(fontspec)             Stam/OT:script=hebr;language=dflt;"


Package fontspec Info: 
(fontspec)             Font family 'TimesNewRoman(1)' created for font 'Times
(fontspec)             New Roman' with options
(fontspec)             [Ligatures=TeX,Mapping=tex-text].
(fontspec)              
(fontspec)              This font family consists of the following NFSS
(fontspec)             series/shapes:
(fontspec)              
(fontspec)             - 'normal' (m/n) with NFSS spec.: <->"Times New
(fontspec)             Roman/OT:script=latn;language=dflt;mapping=tex-text;"
(fontspec)             - 'small caps'  (m/sc) with NFSS spec.: <->"Times New
(fontspec)             Roman/OT:script=latn;language=dflt;+smcp;mapping=tex-tex
t;"
(fontspec)             - 'bold' (b/n) with NFSS spec.: <->"Times New
(fontspec)             Roman/B/OT:script=latn;language=dflt;mapping=tex-text;"
(fontspec)             - 'bold small caps'  (b/sc) with NFSS spec.: <->"Times
(fontspec)             New
(fontspec)             Roman/B/OT:script=latn;language=dflt;+smcp;mapping=tex-t
ext;"
(fontspec)             - 'italic' (m/it) with NFSS spec.: <->"Times New
(fontspec)             Roman/I/OT:script=latn;language=dflt;mapping=tex-text;"
(fontspec)             - 'italic small caps'  (m/scit) with NFSS spec.:
(fontspec)             <->"Times New
(fontspec)             Roman/I/OT:script=latn;language=dflt;+smcp;mapping=tex-t
ext;"
(fontspec)             - 'bold italic' (b/it) with NFSS spec.: <->"Times New
(fontspec)             Roman/BI/OT:script=latn;language=dflt;mapping=tex-text;"

(fontspec)             - 'bold italic small caps'  (b/scit) with NFSS spec.:
(fontspec)             <->"Times New
(fontspec)             Roman/BI/OT:script=latn;language=dflt;+smcp;mapping=tex-
text;"


Package fontspec Info: 
(fontspec)             Font family 'TimesNewRoman(2)' created for font 'Times
(fontspec)             New Roman' with options
(fontspec)             [WordSpace={1,0,0},HyphenChar=None,PunctuationSpace=Word
Space,Mapping=tex-text].
(fontspec)              
(fontspec)              This font family consists of the following NFSS
(fontspec)             series/shapes:
(fontspec)              
(fontspec)             - 'normal' (m/n) with NFSS spec.: <->"Times New
(fontspec)             Roman/OT:script=latn;language=dflt;mapping=tex-text;"
(fontspec)             - 'small caps'  (m/sc) with NFSS spec.: <->"Times New
(fontspec)             Roman/OT:script=latn;language=dflt;+smcp;mapping=tex-tex
t;"
(fontspec)             and font adjustment code:
(fontspec)             \fontdimen 2\font =1\fontdimen 2\font \fontdimen 3\font
(fontspec)             =0\fontdimen 3\font \fontdimen 4\font =0\fontdimen
(fontspec)             4\font \fontdimen 7\font =0\fontdimen 2\font
(fontspec)             \tex_hyphenchar:D \font =-1\scan_stop: 
(fontspec)             - 'bold' (b/n) with NFSS spec.: <->"Times New
(fontspec)             Roman/B/OT:script=latn;language=dflt;mapping=tex-text;"
(fontspec)             - 'bold small caps'  (b/sc) with NFSS spec.: <->"Times
(fontspec)             New
(fontspec)             Roman/B/OT:script=latn;language=dflt;+smcp;mapping=tex-t
ext;"
(fontspec)             and font adjustment code:
(fontspec)             \fontdimen 2\font =1\fontdimen 2\font \fontdimen 3\font
(fontspec)             =0\fontdimen 3\font \fontdimen 4\font =0\fontdimen
(fontspec)             4\font \fontdimen 7\font =0\fontdimen 2\font
(fontspec)             \tex_hyphenchar:D \font =-1\scan_stop: 
(fontspec)             - 'italic' (m/it) with NFSS spec.: <->"Times New
(fontspec)             Roman/I/OT:script=latn;language=dflt;mapping=tex-text;"
(fontspec)             - 'italic small caps'  (m/scit) with NFSS spec.:
(fontspec)             <->"Times New
(fontspec)             Roman/I/OT:script=latn;language=dflt;+smcp;mapping=tex-t
ext;"
(fontspec)             and font adjustment code:
(fontspec)             \fontdimen 2\font =1\fontdimen 2\font \fontdimen 3\font
(fontspec)             =0\fontdimen 3\font \fontdimen 4\font =0\fontdimen
(fontspec)             4\font \fontdimen 7\font =0\fontdimen 2\font
(fontspec)             \tex_hyphenchar:D \font =-1\scan_stop: 
(fontspec)             - 'bold italic' (b/it) with NFSS spec.: <->"Times New
(fontspec)             Roman/BI/OT:script=latn;language=dflt;mapping=tex-text;"

(fontspec)             - 'bold italic small caps'  (b/scit) with NFSS spec.:
(fontspec)             <->"Times New
(fontspec)             Roman/BI/OT:script=latn;language=dflt;+smcp;mapping=tex-
text;"
(fontspec)             and font adjustment code:
(fontspec)             \fontdimen 2\font =1\fontdimen 2\font \fontdimen 3\font
(fontspec)             =0\fontdimen 3\font \fontdimen 4\font =0\fontdimen
(fontspec)             4\font \fontdimen 7\font =0\fontdimen 2\font
(fontspec)             \tex_hyphenchar:D \font =-1\scan_stop: 

 (C:\Users\Zvika\AppData\Local\Programs\MiKTeX\tex/latex/xstring\xstring.sty
(C:\Users\Zvika\AppData\Local\Programs\MiKTeX\tex/generic/xstring\xstring.tex
\xs_counta=\count344
\xs_countb=\count345
)
Package: xstring 2023/08/22 v1.86 String manipulations (CT)
) (C:\Users\Zvika\AppData\Local\Programs\MiKTeX\tex/latex/base\ifthen.sty
Package: ifthen 2024/03/16 v1.1e Standard LaTeX ifthen package (DPC)
)
(milon.aux (content.aux)

LaTeX Warning: Label `1' multiply defined.


LaTeX Warning: Label `2' multiply defined.


LaTeX Warning: Label `3' multiply defined.


LaTeX Warning: Label `4' multiply defined.


LaTeX Warning: Label `5' multiply defined.


LaTeX Warning: Label `6' multiply defined.


LaTeX Warning: Label `7' multiply defined.


LaTeX Warning: Label `8' multiply defined.


LaTeX Warning: Label `9' multiply defined.


LaTeX Warning: Label `10' multiply defined.


LaTeX Warning: Label `1' multiply defined.


LaTeX Warning: Label `2' multiply defined.


LaTeX Warning: Label `3' multiply defined.


LaTeX Warning: Label `4' multiply defined.


LaTeX Warning: Label `5' multiply defined.


LaTeX Warning: Label `6' multiply defined.


LaTeX Warning: Label `7' multiply defined.


LaTeX Warning: Label `8' multiply defined.


LaTeX Warning: Label `9' multiply defined.


LaTeX Warning: Label `10' multiply defined.


LaTeX Warning: Label `11' multiply defined.


LaTeX Warning: Label `1' multiply defined.


LaTeX Warning: Label `2' multiply defined.


LaTeX Warning: Label `3' multiply defined.


LaTeX Warning: Label `4' multiply defined.


LaTeX Warning: Label `5' multiply defined.


LaTeX Warning: Label `6' multiply defined.


LaTeX Warning: Label `7' multiply defined.


LaTeX Warning: Label `1' multiply defined.


LaTeX Warning: Label `2' multiply defined.


LaTeX Warning: Label `3' multiply defined.


LaTeX Warning: Label `4' multiply defined.


LaTeX Warning: Label `5' multiply defined.


LaTeX Warning: Label `6' multiply defined.


LaTeX Warning: Label `7' multiply defined.


LaTeX Warning: Label `8' multiply defined.


LaTeX Warning: Label `1' multiply defined.


LaTeX Warning: Label `2' multiply defined.


LaTeX Warning: Label `3' multiply defined.


LaTeX Warning: Label `4' multiply defined.


LaTeX Warning: Label `5' multiply defined.


LaTeX Warning: Label `6' multiply defined.


LaTeX Warning: Label `1' multiply defined.


LaTeX Warning: Label `2' multiply defined.


LaTeX Warning: Label `3' multiply defined.


LaTeX Warning: Label `4' multiply defined.


LaTeX Warning: Label `5' multiply defined.


LaTeX Warning: Label `6' multiply defined.


LaTeX Warning: Label `7' multiply defined.


LaTeX Warning: Label `8' multiply defined.


LaTeX Warning: Label `9' multiply defined.


LaTeX Warning: Label `1' multiply defined.


LaTeX Warning: Label `2' multiply defined.


LaTeX Warning: Label `1' multiply defined.


LaTeX Warning: Label `2' multiply defined.


LaTeX Warning: Label `3' multiply defined.


LaTeX Warning: Label `4' multiply defined.


LaTeX Warning: Label `5' multiply defined.


LaTeX Warning: Label `6' multiply defined.


LaTeX Warning: Label `7' multiply defined.


LaTeX Warning: Label `8' multiply defined.


LaTeX Warning: Label `9' multiply defined.


LaTeX Warning: Label `10' multiply defined.


LaTeX Warning: Label `11' multiply defined.


LaTeX Warning: Label `12' multiply defined.


LaTeX Warning: Label `13' multiply defined.


LaTeX Warning: Label `14' multiply defined.


LaTeX Warning: Label `1' multiply defined.


LaTeX Warning: Label `2' multiply defined.


LaTeX Warning: Label `3' multiply defined.


LaTeX Warning: Label `4' multiply defined.


LaTeX Warning: Label `5' multiply defined.


LaTeX Warning: Label `6' multiply defined.


LaTeX Warning: Label `7' multiply defined.


LaTeX Warning: Label `8' multiply defined.


LaTeX Warning: Label `9' multiply defined.


LaTeX Warning: Label `10' multiply defined.


LaTeX Warning: Label `11' multiply defined.


LaTeX Warning: Label `12' multiply defined.


LaTeX Warning: Label `13' multiply defined.


LaTeX Warning: Label `14' multiply defined.


LaTeX Warning: Label `15' multiply defined.


LaTeX Warning: Label `16' multiply defined.


LaTeX Warning: Label `17' multiply defined.


LaTeX Warning: Label `18' multiply defined.


LaTeX Warning: Label `19' multiply defined.


LaTeX Warning: Label `20' multiply defined.


LaTeX Warning: Label `21' multiply defined.


LaTeX Warning: Label `22' multiply defined.


LaTeX Warning: Label `1' multiply defined.


LaTeX Warning: Label `2' multiply defined.


LaTeX Warning: Label `3' multiply defined.


LaTeX Warning: Label `4' multiply defined.


LaTeX Warning: Label `5' multiply defined.


LaTeX Warning: Label `6' multiply defined.


LaTeX Warning: Label `1' multiply defined.


LaTeX Warning: Label `2' multiply defined.


LaTeX Warning: Label `3' multiply defined.


LaTeX Warning: Label `4' multiply defined.


LaTeX Warning: Label `5' multiply defined.


LaTeX Warning: Label `6' multiply defined.


LaTeX Warning: Label `7' multiply defined.


LaTeX Warning: Label `8' multiply defined.


LaTeX Warning: Label `1' multiply defined.


LaTeX Warning: Label `2' multiply defined.


LaTeX Warning: Label `3' multiply defined.


LaTeX Warning: Label `4' multiply defined.


LaTeX Warning: Label `5' multiply defined.


LaTeX Warning: Label `1' multiply defined.


LaTeX Warning: Label `2' multiply defined.


LaTeX Warning: Label `3' multiply defined.


LaTeX Warning: Label `4' multiply defined.


LaTeX Warning: Label `1' multiply defined.


LaTeX Warning: Label `2' multiply defined.


LaTeX Warning: Label `3' multiply defined.


LaTeX Warning: Label `4' multiply defined.


LaTeX Warning: Label `5' multiply defined.


LaTeX Warning: Label `6' multiply defined.


LaTeX Warning: Label `7' multiply defined.


LaTeX Warning: Label `8' multiply defined.


LaTeX Warning: Label `9' multiply defined.


LaTeX Warning: Label `1' multiply defined.


LaTeX Warning: Label `2' multiply defined.


LaTeX Warning: Label `3' multiply defined.


LaTeX Warning: Label `4' multiply defined.


LaTeX Warning: Label `5' multiply defined.


LaTeX Warning: Label `6' multiply defined.


LaTeX Warning: Label `7' multiply defined.


LaTeX Warning: Label `1' multiply defined.


LaTeX Warning: Label `2' multiply defined.


LaTeX Warning: Label `3' multiply defined.


LaTeX Warning: Label `4' multiply defined.


LaTeX Warning: Label `5' multiply defined.


LaTeX Warning: Label `6' multiply defined.


LaTeX Warning: Label `1' multiply defined.


LaTeX Warning: Label `2' multiply defined.


LaTeX Warning: Label `3' multiply defined.


LaTeX Warning: Label `1' multiply defined.


LaTeX Warning: Label `2' multiply defined.


LaTeX Warning: Label `3' multiply defined.


LaTeX Warning: Label `4' multiply defined.


LaTeX Warning: Label `5' multiply defined.


LaTeX Warning: Label `6' multiply defined.


LaTeX Warning: Label `7' multiply defined.


LaTeX Warning: Label `8' multiply defined.


LaTeX Warning: Label `1' multiply defined.


LaTeX Warning: Label `2' multiply defined.


LaTeX Warning: Label `3' multiply defined.


LaTeX Warning: Label `4' multiply defined.


LaTeX Warning: Label `5' multiply defined.


LaTeX Warning: Label `6' multiply defined.


LaTeX Warning: Label `1' multiply defined.


LaTeX Warning: Label `2' multiply defined.


LaTeX Warning: Label `3' multiply defined.


LaTeX Warning: Label `4' multiply defined.


LaTeX Warning: Label `5' multiply defined.


LaTeX Warning: Label `6' multiply defined.


LaTeX Warning: Label `7' multiply defined.

)
\openout1 = `milon.aux'.

LaTeX Font Info:    Checking defaults for OML/cmm/m/it on input line 344.
LaTeX Font Info:    ... okay on input line 344.
LaTeX Font Info:    Checking defaults for OMS/cmsy/m/n on input line 344.
LaTeX Font Info:    ... okay on input line 344.
LaTeX Font Info:    Checking defaults for OT1/cmr/m/n on input line 344.
LaTeX Font Info:    ... okay on input line 344.
LaTeX Font Info:    Checking defaults for T1/cmr/m/n on input line 344.
LaTeX Font Info:    ... okay on input line 344.
LaTeX Font Info:    Checking defaults for TS1/cmr/m/n on input line 344.
LaTeX Font Info:    ... okay on input line 344.
LaTeX Font Info:    Checking defaults for TU/lmr/m/n on input line 344.
LaTeX Font Info:    ... okay on input line 344.
LaTeX Font Info:    Checking defaults for OMX/cmex/m/n on input line 344.
LaTeX Font Info:    ... okay on input line 344.
LaTeX Font Info:    Checking defaults for U/cmr/m/n on input line 344.
LaTeX Font Info:    ... okay on input line 344.
Package scrbase Info: activating hebrew \partname on input line 344.
Package scrbase Info: activating hebrew \chaptername on input line 344.
Package scrbase Info: activating hebrew \appendixname on input line 344.
Package scrbase Info: activating hebrew \figurename on input line 344.
Package scrbase Info: activating hebrew \tablename on input line 344.
Package scrbase Info: activating hebrew \contentsname on input line 344.
Package scrbase Info: activating hebrew \listfigurename on input line 344.
Package scrbase Info: activating hebrew \listtablename on input line 344.
Package scrbase Info: activating hebrew \bibname on input line 344.
Package scrbase Info: activating hebrew \indexname on input line 344.

*geometry* driver: auto-detecting
*geometry* detected driver: xetex
*geometry* verbose mode - [ preamble ] result:
* driver: xetex
* paper: custom
* layout: <same size as paper>
* layoutoffset:(h,v)=(0.0pt,0.0pt)
* modes: twoside 
* h-part:(L,W,R)=(65.44142pt, 458.08911pt, 65.44142pt)
* v-part:(T,H,B)=(99.58464pt, 622.48909pt, 51.21504pt)
* \paperwidth=588.97195pt
* \paperheight=773.28877pt
* \textwidth=458.08911pt
* \textheight=622.48909pt
* \oddsidemargin=-6.82857pt
* \evensidemargin=-6.82857pt
* \topmargin=-27.79901pt
* \headheight=18.125pt
* \headsep=36.98866pt
* \topskip=12.0pt
* \footskip=50.75pt
* \marginparwidth=74.68849pt
* \marginparsep=12.8401pt
* \columnsep=18.0pt
* \skip\footins=24.0pt
* \hoffset=0.0pt
* \voffset=0.0pt
* \mag=1000
* \@twocolumnfalse
* \@twosidetrue
* \@mparswitchtrue
* \@reversemarginfalse
* (1in=72.27pt=25.4mm, 1cm=28.453pt)


Package fontspec Info: 
(fontspec)             Adjusting the maths setup (use [no-math] to avoid
(fontspec)             this).

\symlegacymaths=\mathgroup4
LaTeX Font Info:    Overwriting symbol font `legacymaths' in version `bold'
(Font)                  OT1/cmr/m/n --> OT1/cmr/bx/n on input line 344.
LaTeX Font Info:    Redeclaring math accent \acute on input line 344.
LaTeX Font Info:    Redeclaring math accent \grave on input line 344.
LaTeX Font Info:    Redeclaring math accent \ddot on input line 344.
LaTeX Font Info:    Redeclaring math accent \tilde on input line 344.
LaTeX Font Info:    Redeclaring math accent \bar on input line 344.
LaTeX Font Info:    Redeclaring math accent \breve on input line 344.
LaTeX Font Info:    Redeclaring math accent \check on input line 344.
LaTeX Font Info:    Redeclaring math accent \hat on input line 344.
LaTeX Font Info:    Redeclaring math accent \dot on input line 344.
LaTeX Font Info:    Redeclaring math accent \mathring on input line 344.
LaTeX Font Info:    Redeclaring math symbol \colon on input line 344.
LaTeX Font Info:    Redeclaring math symbol \Gamma on input line 344.
LaTeX Font Info:    Redeclaring math symbol \Delta on input line 344.
LaTeX Font Info:    Redeclaring math symbol \Theta on input line 344.
LaTeX Font Info:    Redeclaring math symbol \Lambda on input line 344.
LaTeX Font Info:    Redeclaring math symbol \Xi on input line 344.
LaTeX Font Info:    Redeclaring math symbol \Pi on input line 344.
LaTeX Font Info:    Redeclaring math symbol \Sigma on input line 344.
LaTeX Font Info:    Redeclaring math symbol \Upsilon on input line 344.
LaTeX Font Info:    Redeclaring math symbol \Phi on input line 344.
LaTeX Font Info:    Redeclaring math symbol \Psi on input line 344.
LaTeX Font Info:    Redeclaring math symbol \Omega on input line 344.
LaTeX Font Info:    Redeclaring math symbol \mathdollar on input line 344.
LaTeX Font Info:    Redeclaring symbol font `operators' on input line 344.
LaTeX Font Info:    Encoding `OT1' has changed to `TU' for symbol font
(Font)              `operators' in the math version `normal' on input line 344.

LaTeX Font Info:    Overwriting symbol font `operators' in version `normal'
(Font)                  OT1/cmr/m/n --> TU/TimesNewRoman(1)/m/n on input line 3
44.
LaTeX Font Info:    Encoding `OT1' has changed to `TU' for symbol font
(Font)              `operators' in the math version `bold' on input line 344.
LaTeX Font Info:    Overwriting symbol font `operators' in version `bold'
(Font)                  OT1/cmr/bx/n --> TU/TimesNewRoman(1)/m/n on input line 
344.
LaTeX Font Info:    Overwriting symbol font `operators' in version `normal'
(Font)                  TU/TimesNewRoman(1)/m/n --> TU/TimesNewRoman(1)/m/n on 
input line 344.
LaTeX Font Info:    Overwriting math alphabet `\mathit' in version `normal'
(Font)                  OT1/cmr/m/it --> TU/TimesNewRoman(1)/m/it on input line
 344.
LaTeX Font Info:    Overwriting math alphabet `\mathbf' in version `normal'
(Font)                  OT1/cmr/bx/n --> TU/TimesNewRoman(1)/b/n on input line 
344.
LaTeX Font Info:    Overwriting math alphabet `\mathsf' in version `normal'
(Font)                  OT1/cmss/m/n --> TU/TimesNewRoman(1)/m/n on input line 
344.
LaTeX Font Info:    Overwriting math alphabet `\mathtt' in version `normal'
(Font)                  OT1/cmtt/m/n --> TU/TimesNewRoman(2)/m/n on input line 
344.
LaTeX Font Info:    Overwriting symbol font `operators' in version `bold'
(Font)                  TU/TimesNewRoman(1)/m/n --> TU/TimesNewRoman(1)/b/n on 
input line 344.
LaTeX Font Info:    Overwriting math alphabet `\mathit' in version `bold'
(Font)                  OT1/cmr/bx/it --> TU/TimesNewRoman(1)/b/it on input lin
e 344.
LaTeX Font Info:    Overwriting math alphabet `\mathsf' in version `bold'
(Font)                  OT1/cmss/bx/n --> TU/TimesNewRoman(1)/b/n on input line
 344.
LaTeX Font Info:    Overwriting math alphabet `\mathtt' in version `bold'
(Font)                  OT1/cmtt/m/n --> TU/TimesNewRoman(2)/b/n on input line 
344.

Package fontspec Info: 
(fontspec)             Font family 'TimesNewRoman(3)' created for font 'Times
(fontspec)             New Roman' with options
(fontspec)             [Ligatures=TeX,Mapping=tex-text,Script=Hebrew].
(fontspec)              
(fontspec)              This font family consists of the following NFSS
(fontspec)             series/shapes:
(fontspec)              
(fontspec)             - 'normal' (m/n) with NFSS spec.: <->"Times New
(fontspec)             Roman/OT:script=hebr;language=dflt;mapping=tex-text;"
(fontspec)             - 'small caps'  (m/sc) with NFSS spec.: <->"Times New
(fontspec)             Roman/OT:script=hebr;language=dflt;+smcp;mapping=tex-tex
t;"
(fontspec)             - 'bold' (b/n) with NFSS spec.: <->"Times New
(fontspec)             Roman/B/OT:script=hebr;language=dflt;mapping=tex-text;"
(fontspec)             - 'bold small caps'  (b/sc) with NFSS spec.: <->"Times
(fontspec)             New
(fontspec)             Roman/B/OT:script=hebr;language=dflt;+smcp;mapping=tex-t
ext;"
(fontspec)             - 'italic' (m/it) with NFSS spec.: <->"Times New
(fontspec)             Roman/I/OT:script=hebr;language=dflt;mapping=tex-text;"
(fontspec)             - 'italic small caps'  (m/scit) with NFSS spec.:
(fontspec)             <->"Times New
(fontspec)             Roman/I/OT:script=hebr;language=dflt;+smcp;mapping=tex-t
ext;"
(fontspec)             - 'bold italic' (b/it) with NFSS spec.: <->"Times New
(fontspec)             Roman/BI/OT:script=hebr;language=dflt;mapping=tex-text;"

(fontspec)             - 'bold italic small caps'  (b/scit) with NFSS spec.:
(fontspec)             <->"Times New
(fontspec)             Roman/BI/OT:script=hebr;language=dflt;+smcp;mapping=tex-
text;"

\openout2 = `content.aux'.

(content.tex
part I.
Package scrkbase Info: You've told me to use the font selection of the element
(scrkbase)             `partprefix' that is an alias of element `partnumber'
(scrkbase)              on input line 1.


[-1



]

[0]
LaTeX Font Info:    External font `cmex10' loaded for size
(Font)              <8> on input line 44.
LaTeX Font Info:    External font `cmex10' loaded for size
(Font)              <6> on input line 44.
LaTeX Font Info:    External font `cmex10' loaded for size
(Font)              <5> on input line 44.


Package multicol Warning: I moved some lines to the next page.
(multicol)                Footnotes on page  might be wrong on input line 67.

[1]

Package multicol Warning: I moved some lines to the next page.
(multicol)                Footnotes on page  might be wrong on input line 129.



Overfull \vbox (10.0pt too high) has occurred while \output is active []

 [2]

Package multicol Warning: I moved some lines to the next page.
(multicol)                Footnotes on page  might be wrong on input line 238.



Overfull \vbox (10.0pt too high) has occurred while \output is active []

 [3]

Package multicol Warning: I moved some lines to the next page.
(multicol)                Footnotes on page  might be wrong on input line 360.



Overfull \vbox (10.0pt too high) has occurred while \output is active []

 [4]
Underfull \hbox (badness 10000) in paragraph at lines 428--429
[][]\TU/TimesNewRoman(3)/b/n/10     \TU/TimesNewRoman(3)/m/n/10 - 
 ,  ,[]
 []


Package multicol Warning: I moved some lines to the next page.
(multicol)                Footnotes on page  might be wrong on input line 456.



Overfull \vbox (10.0pt too high) has occurred while \output is active []

 [5]

Package multicol Warning: I moved some lines to the next page.
(multicol)                Footnotes on page  might be wrong on input line 592.



Overfull \vbox (10.0pt too high) has occurred while \output is active []

 [6]
Underfull \hbox (badness 5316) in paragraph at lines 614--615
[][]\TU/TimesNewRoman(3)/b/n/11  [][] \TU/TimesNewRoman(3)/m/n/10 - 
    ,[]
 []


Package multicol Warning: I moved some lines to the next page.
(multicol)                Footnotes on page  might be wrong on input line 696.



Overfull \vbox (10.0pt too high) has occurred while \output is active []

 [7]
Underfull \hbox (badness 10000) in paragraph at lines 696--697
[][]\TU/TimesNewRoman(3)/m/n/10  \TU/TimesNewRoman(3)/b/n/10   \TU/
TimesNewRoman(3)/m/n/10    , []
 []


Package multicol Warning: I moved some lines to the next page.
(multicol)                Footnotes on page  might be wrong on input line 797.



Overfull \vbox (10.0pt too high) has occurred while \output is active []

 [8]
[9]

Package multicol Warning: I moved some lines to the next page.
(multicol)                Footnotes on page \relax  might be wrong on input li
ne 999.


Overfull \vbox (10.0pt too high) has occurred while \output is active []

 [10]

Package multicol Warning: I moved some lines to the next page.
(multicol)                Footnotes on page  might be wrong on input line 109
5.


Overfull \vbox (10.0pt too high) has occurred while \output is active []

 [11]

Package multicol Warning: I moved some lines to the next page.
(multicol)                Footnotes on page  might be wrong on input line 118
3.


Overfull \vbox (10.0pt too high) has occurred while \output is active []

 [12]

Package multicol Warning: I moved some lines to the next page.
(multicol)                Footnotes on page  might be wrong on input line 124
4.


Overfull \vbox (10.0pt too high) has occurred while \output is active []

 [13]
Underfull \hbox (badness 5105) in paragraph at lines 1254--1255
[][]\TU/TimesNewRoman(3)/b/n/10   \TU/TimesNewRoman(3)/m/n/10  
-   , []
 []


Package multicol Warning: I moved some lines to the next page.
(multicol)                Footnotes on page  might be wrong on input line 130
7.


Overfull \vbox (10.0pt too high) has occurred while \output is active []

 [14]
Underfull \hbox (badness 10000) in paragraph at lines 1352--1353
[][]\TU/TimesNewRoman(3)/b/n/10  \TU/TimesNewRoman(3)/m/n/10  
-   , []
 []


Underfull \hbox (badness 10000) in paragraph at lines 1354--1355
[][]\TU/TimesNewRoman(3)/b/n/10   \TU/TimesNewRoman(3)/m/n/10 - 
 ,  , []
 []


Package multicol Warning: I moved some lines to the next page.
(multicol)                Footnotes on page  might be wrong on input line 136
3.


Overfull \vbox (10.0pt too high) has occurred while \output is active []

 [15]

Package multicol Warning: I moved some lines to the next page.
(multicol)                Footnotes on page  might be wrong on input line 147
0.


Overfull \vbox (10.0pt too high) has occurred while \output is active []

 [16]
Underfull \hbox (badness 6047) in paragraph at lines 1512--1513
[]\TU/TimesNewRoman(3)/m/n/10     ,   []

 []


Package multicol Warning: I moved some lines to the next page.
(multicol)                Footnotes on page  might be wrong on input line 159
7.


Overfull \vbox (10.0pt too high) has occurred while \output is active []

 [17]

[18]

Package multicol Warning: I moved some lines to the next page.
(multicol)                Footnotes on page  might be wrong on input line 181
3.

[19]

Package multicol Warning: I moved some lines to the next page.
(multicol)                Footnotes on page \relax  might be wrong on input li
ne 1877.


Overfull \vbox (10.0pt too high) has occurred while \output is active []

 [20]

Package multicol Warning: I moved some lines to the next page.
(multicol)                Footnotes on page  might be wrong on input line 189
7.


Overfull \vbox (10.0pt too high) has occurred while \output is active []

 [21]

Package multicol Warning: I moved some lines to the next page.
(multicol)                Footnotes on page  might be wrong on input line 200
9.


Overfull \vbox (10.0pt too high) has occurred while \output is active []

 [22]

Package multicol Warning: I moved some lines to the next page.
(multicol)                Footnotes on page  might be wrong on input line 207
1.


Overfull \vbox (10.0pt too high) has occurred while \output is active []

 [23]

Package multicol Warning: I moved some lines to the next page.
(multicol)                Footnotes on page  might be wrong on input line 217
2.


Overfull \vbox (10.0pt too high) has occurred while \output is active []

 [24]

[25] [26]

Package multicol Warning: I moved some lines to the next page.
(multicol)                Footnotes on page  might be wrong on input line 242
6.


Overfull \vbox (10.0pt too high) has occurred while \output is active []

 [27]

Package multicol Warning: I moved some lines to the next page.
(multicol)                Footnotes on page  might be wrong on input line 249
3.


Overfull \vbox (10.0pt too high) has occurred while \output is active []

 [28]

Package multicol Warning: I moved some lines to the next page.
(multicol)                Footnotes on page  might be wrong on input line 256
7.


Overfull \vbox (10.0pt too high) has occurred while \output is active []

 [29]
Underfull \hbox (badness 10000) in paragraph at lines 2628--2629
[][]\TU/TimesNewRoman(3)/b/n/10   \TU/TimesNewRoman(3)/m/n/1
0  \TU/TimesNewRoman(3)/b/n/10 \TU/TimesNewRoman(3)/m/n/10  \TU/TimesN
ewRoman(3)/b/n/10 \TU/TimesNewRoman(3)/m/n/10  -[]
 []


Overfull \vbox (10.0pt too high) has occurred while \output is active []

 [30]

[31]

Package multicol Warning: I moved some lines to the next page.
(multicol)                Footnotes on page  might be wrong on input line 277
8.

[32]
Underfull \hbox (badness 5548) in paragraph at lines 2816--2817
[]\TU/TimesNewRoman(3)/m/n/10     ,    .[]
 []


Underfull \hbox (badness 6758) in paragraph at lines 2886--2887
[][]\TU/Miriam(0)/b/n/11  \TU/Miriam(0)/m/n/8 - \TU/Miriam(0)/m/n/9  
\TU/Miriam(0)/m/n/10  \TU/Miriam(0)/m/n/9 \TU/Miriam(0)/m/n/10  \TU
/Miriam(0)/m/n/9   ,[]
 []


Package multicol Warning: I moved some lines to the next page.
(multicol)                Footnotes on page  might be wrong on input line 288
7.


Overfull \vbox (10.0pt too high) has occurred while \output is active []

 [33]

Package multicol Warning: I moved some lines to the next page.
(multicol)                Footnotes on page  might be wrong on input line 299
1.


Overfull \vbox (10.0pt too high) has occurred while \output is active []

 [34]

[35]

Package multicol Warning: I moved some lines to the next page.
(multicol)                Footnotes on page  might be wrong on input line 309
8.

[36]

Package multicol Warning: I moved some lines to the next page.
(multicol)                Footnotes on page  might be wrong on input line 321
5.


Overfull \vbox (10.0pt too high) has occurred while \output is active []

 [37]
Underfull \hbox (badness 5771) in paragraph at lines 3258--3259
[][]\TU/TimesNewRoman(3)/b/n/11   \TU/TimesNewRoman(3)/m/n/10 - 
, ,[]
 []


Package multicol Warning: I moved some lines to the next page.
(multicol)                Footnotes on page  might be wrong on input line 331
7.


Overfull \vbox (10.0pt too high) has occurred while \output is active []

 [38]
Underfull \hbox (badness 5504) in paragraph at lines 3356--3357
[][]\TU/TimesNewRoman(3)/b/n/10      \TU/TimesNewRoman(3)/
m/n/9 -   \TU/TimesNewRoman(3)/m/n/10 []
 []


Underfull \hbox (badness 10000) in paragraph at lines 3356--3357
[]\TU/TimesNewRoman(3)/m/n/9 \TU/TimesNewRoman(3)/m/n/10 \TU/Time
sNewRoman(3)/m/n/9 ,  \TU/TimesNewRoman(3)/m/n/10  \TU/TimesNewRom
an(3)/m/n/9  \TU/TimesNewRoman(3)/m/n/10 \TU/TimesNewRoman(3)/m/n
/9 , ,[]
 []



[39]

[40] [41]
Underfull \hbox (badness 10000) in paragraph at lines 3500--3501
[][]\TU/TimesNewRoman(3)/b/n/11  \TU/TimesNewRoman(3)/m/n/10 - \TU/TimesNew
Roman(3)/b/n/10  \TU/TimesNewRoman(3)/m/n/10 -      
[]
 []


Package multicol Warning: I moved some lines to the next page.
(multicol)                Footnotes on page  might be wrong on input line 357
8.


Overfull \vbox (10.0pt too high) has occurred while \output is active []

 [42]

[43]

Package multicol Warning: I moved some lines to the next page.
(multicol)                Footnotes on page  might be wrong on input line 371
8.

[44]

Package multicol Warning: I moved some lines to the next page.
(multicol)                Footnotes on page  might be wrong on input line 384
4.


Overfull \vbox (10.0pt too high) has occurred while \output is active []

 [45]
Underfull \hbox (badness 10000) in paragraph at lines 3962--3963
[][]\TU/TimesNewRoman(3)/b/n/11   \TU/TimesNewRoman(3)/m/n/10 -  
  ,[]
 []


Package multicol Warning: I moved some lines to the next page.
(multicol)                Footnotes on page  might be wrong on input line 396
8.


Overfull \vbox (10.0pt too high) has occurred while \output is active []

 [46]
[47]

Package multicol Warning: I moved some lines to the next page.
(multicol)                Footnotes on page  might be wrong on input line 416
0.


Overfull \vbox (10.0pt too high) has occurred while \output is active []

 [48]
[49]

Package multicol Warning: I moved some lines to the next page.
(multicol)                Footnotes on page \relax  might be wrong on input li
ne 4348.


Overfull \vbox (10.0pt too high) has occurred while \output is active []

 [50]

[51] [52]
Underfull \hbox (badness 7504) in paragraph at lines 4508--4509
[]\TU/TimesNewRoman(3)/m/n/10   ,      []
 []


Package multicol Warning: I moved some lines to the next page.
(multicol)                Footnotes on page  might be wrong on input line 458
5.


Overfull \vbox (10.0pt too high) has occurred while \output is active []

 [53]

[54]

Package multicol Warning: I moved some lines to the next page.
(multicol)                Footnotes on page  might be wrong on input line 477
0.

[55]
Underfull \hbox (badness 5077) in paragraph at lines 4778--4779
[][]\TU/TimesNewRoman(3)/b/n/10   \TU/TimesNewRoman(3)/m/n/9 - \TU/Tim
esNewRoman(3)/m/n/10  \TU/TimesNewRoman(3)/m/n/9      
 []
 []


Package multicol Warning: I moved some lines to the next page.
(multicol)                Footnotes on page  might be wrong on input line 483
5.


Overfull \vbox (10.0pt too high) has occurred while \output is active []

 [56]
Underfull \hbox (badness 10000) in paragraph at lines 4924--4925
[][]\TU/TimesNewRoman(3)/b/n/11  [][] \TU/TimesNewRoman(3)/m/n/10 -
     []
 []


Package multicol Warning: I moved some lines to the next page.
(multicol)                Footnotes on page  might be wrong on input line 493
8.


Overfull \vbox (10.0pt too high) has occurred while \output is active []

 [57]
Underfull \hbox (badness 10000) in paragraph at lines 4978--4979
[]\TU/TimesNewRoman(3)/m/n/10 -      <,[]
 []


Package multicol Warning: I moved some lines to the next page.
(multicol)                Footnotes on page  might be wrong on input line 498
3.


Overfull \vbox (10.0pt too high) has occurred while \output is active []

 [58]
Underfull \hbox (badness 6658) in paragraph at lines 5018--5019
[][]\TU/TimesNewRoman(3)/m/n/10       ,
[]
 []


Package multicol Warning: I moved some lines to the next page.
(multicol)                Footnotes on page  might be wrong on input line 504
4.


Overfull \vbox (10.0pt too high) has occurred while \output is active []

 [59]

Package multicol Warning: I moved some lines to the next page.
(multicol)                Footnotes on page \relax  might be wrong on input li
ne 5109.


Overfull \vbox (10.0pt too high) has occurred while \output is active []

 [60]

Package multicol Warning: I moved some lines to the next page.
(multicol)                Footnotes on page  might be wrong on input line 519
1.


Overfull \vbox (10.0pt too high) has occurred while \output is active []

 [61]
[62]
Underfull \hbox (badness 10000) in paragraph at lines 5240--5241
[]\TU/TimesNewRoman(3)/m/n/10    , , 
[]
 []

[63]

[64]

Package multicol Warning: I moved some lines to the next page.
(multicol)                Footnotes on page  might be wrong on input line 541
7.

[65]
Underfull \hbox (badness 10000) in paragraph at lines 5470--5471
[][]\TU/TimesNewRoman(3)/b/n/11  \TU/TimesNewRoman(3)/m/n/10 - \TU/TimesNe
wRoman(3)/b/n/10  \TU/TimesNewRoman(3)/m/n/10 -    
[]
 []


Package multicol Warning: I moved some lines to the next page.
(multicol)                Footnotes on page  might be wrong on input line 550
5.


Overfull \vbox (12.0pt too high) has occurred while \output is active []

 [66]

Package multicol Warning: I moved some lines to the next page.
(multicol)                Footnotes on page  might be wrong on input line 561
3.


Overfull \vbox (10.0pt too high) has occurred while \output is active []

 [67]

Package multicol Warning: I moved some lines to the next page.
(multicol)                Footnotes on page  might be wrong on input line 572
7.


Overfull \vbox (10.0pt too high) has occurred while \output is active []

 [68]

Package multicol Warning: I moved some lines to the next page.
(multicol)                Footnotes on page  might be wrong on input line 578
9.


Overfull \vbox (10.0pt too high) has occurred while \output is active []

 [69]

Package multicol Warning: I moved some lines to the next page.
(multicol)                Footnotes on page \relax  might be wrong on input li
ne 5854.


Overfull \vbox (10.0pt too high) has occurred while \output is active []

 [70]

Package multicol Warning: I moved some lines to the next page.
(multicol)                Footnotes on page  might be wrong on input line 591
6.


Overfull \vbox (10.0pt too high) has occurred while \output is active []

 [71]

[72]

Package multicol Warning: I moved some lines to the next page.
(multicol)                Footnotes on page  might be wrong on input line 606
7.

[73]
Overfull \vbox (15.21959pt too high) has occurred while \output is active []



[74]

Package multicol Warning: I moved some lines to the next page.
(multicol)                Footnotes on page  might be wrong on input line 630
3.

[75]

Package multicol Warning: I moved some lines to the next page.
(multicol)                Footnotes on page  might be wrong on input line 640
5.


Overfull \vbox (10.0pt too high) has occurred while \output is active []

 [76]

Package multicol Warning: I moved some lines to the next page.
(multicol)                Footnotes on page  might be wrong on input line 650
5.


Overfull \vbox (10.0pt too high) has occurred while \output is active []

 [77]

Package multicol Warning: I moved some lines to the next page.
(multicol)                Footnotes on page  might be wrong on input line 662
9.


Overfull \vbox (10.0pt too high) has occurred while \output is active []

 [78]

Package multicol Warning: I moved some lines to the next page.
(multicol)                Footnotes on page  might be wrong on input line 673
5.


Overfull \vbox (10.0pt too high) has occurred while \output is active []

 [79]
[80]
Underfull \hbox (badness 10000) in paragraph at lines 6924--6925
[][]\TU/TimesNewRoman(3)/b/n/11   \TU/TimesNewRoman(3)/m/n/10 - \TU/T
imesNewRoman(3)/b/n/10     []
 []

[81]

[82] [83]

Package multicol Warning: I moved some lines to the next page.
(multicol)                Footnotes on page  might be wrong on input line 728
8.


Overfull \vbox (10.0pt too high) has occurred while \output is active []

 [84]
[85]

Package multicol Warning: I moved some lines to the next page.
(multicol)                Footnotes on page  might be wrong on input line 747
0.


Overfull \vbox (10.0pt too high) has occurred while \output is active []

 [86]

[87]
Underfull \hbox (badness 10000) in paragraph at lines 7580--7581
[][]\TU/TimesNewRoman(3)/m/n/10  ,   [
]
 []


Package multicol Warning: I moved some lines to the next page.
(multicol)                Footnotes on page  might be wrong on input line 758
3.

[88]

Package multicol Warning: I moved some lines to the next page.
(multicol)                Footnotes on page  might be wrong on input line 766
1.


Overfull \vbox (10.0pt too high) has occurred while \output is active []

 [89]

[90]

Package multicol Warning: I moved some lines to the next page.
(multicol)                Footnotes on page  might be wrong on input line 781
4.

[91]

Package multicol Warning: I moved some lines to the next page.
(multicol)                Footnotes on page  might be wrong on input line 787
5.


Overfull \vbox (10.0pt too high) has occurred while \output is active []

 [92]

Package multicol Warning: I moved some lines to the next page.
(multicol)                Footnotes on page  might be wrong on input line 796
5.


Overfull \vbox (10.0pt too high) has occurred while \output is active []

 [93]
[94]

Package multicol Warning: I moved some lines to the next page.
(multicol)                Footnotes on page  might be wrong on input line 820
1.


Overfull \vbox (10.0pt too high) has occurred while \output is active []

 [95]

Package multicol Warning: I moved some lines to the next page.
(multicol)                Footnotes on page  might be wrong on input line 832
0.


Overfull \vbox (10.0pt too high) has occurred while \output is active []

 [96]

[97]

Package multicol Warning: I moved some lines to the next page.
(multicol)                Footnotes on page  might be wrong on input line 850
4.

[98]

Package multicol Warning: I moved some lines to the next page.
(multicol)                Footnotes on page  might be wrong on input line 859
1.


Overfull \vbox (10.0pt too high) has occurred while \output is active []

 [99]

[100]

Package multicol Warning: I moved some lines to the next page.
(multicol)                Footnotes on page  might be wrong on input line 876
3.

[101]
Underfull \hbox (badness 10000) in paragraph at lines 8808--8809
[][]\TU/TimesNewRoman(3)/b/n/11  [][] \TU/TimesNewRoman(3)/m/n/10 - 
   []
 []


Package multicol Warning: I moved some lines to the next page.
(multicol)                Footnotes on page  might be wrong on input line 884
5.


Overfull \vbox (10.0pt too high) has occurred while \output is active []

 [102]
Underfull \hbox (badness 10000) in paragraph at lines 8848--8849
[][]\TU/TimesNewRoman(3)/m/n/10      ,  []
 []



[103] [104] [105]
Underfull \hbox (badness 6268) in paragraph at lines 9138--9139
[][]\TU/TimesNewRoman(3)/b/n/11  \TU/TimesNewRoman(3)/m/n/10 -  
  , []
 []


Package multicol Warning: I moved some lines to the next page.
(multicol)                Footnotes on page  might be wrong on input line 914
4.


Overfull \vbox (10.0pt too high) has occurred while \output is active []

 [106]
[107] [108]

Package multicol Warning: I moved some lines to the next page.
(multicol)                Footnotes on page  might be wrong on input line 945
1.


Overfull \vbox (10.0pt too high) has occurred while \output is active []

 [109]

[110]

Package multicol Warning: I moved some lines to the next page.
(multicol)                Footnotes on page  might be wrong on input line 95
49.

[111] [112]
Underfull \hbox (badness 10000) in paragraph at lines 9688--9689
[][]\TU/TimesNewRoman(3)/b/n/10   \TU/TimesNewRoman(3)/m/n/10 - 
 ,  []
 []


Package multicol Warning: I moved some lines to the next page.
(multicol)                Footnotes on page  might be wrong on input line 97
29.


Overfull \vbox (10.0pt too high) has occurred while \output is active []

 [113]

Package multicol Warning: I moved some lines to the next page.
(multicol)                Footnotes on page  might be wrong on input line 98
27.


Overfull \vbox (10.0pt too high) has occurred while \output is active []

 [114]

[115] [116]

Package multicol Warning: I moved some lines to the next page.
(multicol)                Footnotes on page  might be wrong on input line 10
080.


Overfull \vbox (10.0pt too high) has occurred while \output is active []

 [117]
[118]

Package multicol Warning: I moved some lines to the next page.
(multicol)                Footnotes on page  might be wrong on input line 10
249.


Overfull \vbox (10.0pt too high) has occurred while \output is active []

 [119]

Package multicol Warning: I moved some lines to the next page.
(multicol)                Footnotes on page \relax  might be wrong on input l
ine 10338.


Overfull \vbox (10.0pt too high) has occurred while \output is active []

 [120]
Underfull \hbox (badness 6141) in paragraph at lines 10426--10427
[][]\TU/TimesNewRoman(3)/m/n/10    ,  ,   []
 []


Package multicol Warning: I moved some lines to the next page.
(multicol)                Footnotes on page  might be wrong on input line 10
459.


Overfull \vbox (10.0pt too high) has occurred while \output is active []

 [121]

[122]

Package multicol Warning: I moved some lines to the next page.
(multicol)                Footnotes on page  might be wrong on input line 10
625.

[123]
Overfull \vbox (10.0pt too high) has occurred while \output is active []

 [124]
Underfull \hbox (badness 10000) in paragraph at lines 10778--10779
[][]\TU/TimesNewRoman(3)/b/n/11  \TU/TimesNewRoman(3)/m/n/10 - \TU/TimesNe
wRoman(3)/b/n/10    \TU/TimesNewRoman(3)/m/n/10 -  
 []
 []


Package multicol Warning: I moved some lines to the next page.
(multicol)                Footnotes on page  might be wrong on input line 10
838.


Overfull \vbox (10.0pt too high) has occurred while \output is active []

 [125]

Package multicol Warning: I moved some lines to the next page.
(multicol)                Footnotes on page  might be wrong on input line 10
923.


Overfull \vbox (10.0pt too high) has occurred while \output is active []

 [126]
Underfull \hbox (badness 10000) in paragraph at lines 10948--10949
[][]\TU/TimesNewRoman(3)/m/n/10 ()   ,  []

 []

)

Package multicol Warning: I moved some lines to the next page.
(multicol)                Footnotes on page  might be wrong on input line 34
7.


Overfull \vbox (10.0pt too high) has occurred while \output is active []

 [127]
[128]
No complaints by nag.
(milon.aux (content.aux))
 ***********
LaTeX2e <2024-11-01> patch level 1
L3 programming layer <2024-12-09>
 ***********


LaTeX Warning: There were multiply-defined labels.

 ) 
Here is how much of TeX's memory you used:
 24201 strings out of 408683
 541292 string characters out of 5745867
 1184041 words of memory out of 5000000
 46763 multiletter control sequences out of 15000+600000
 560420 words of font info for 108 fonts, out of 8000000 for 9000
 1348 hyphenation exceptions out of 8191
 140i,20n,135p,10902b,1543s stack positions out of 10000i,1000n,20000p,200000b,200000s

Output written on milon.pdf (130 pages).
